{"level":"info","message":"Initializing BlobServiceClient with connection string","service":"movie-upload-service","timestamp":"2025-08-31 21:57:26"}
{"container":"content","level":"info","message":"Successfully initialized BlobStorageService","service":"movie-upload-service","timestamp":"2025-08-31 21:57:26"}
{"level":"info","message":"Server is running on port 3000 in development mode","service":"movie-upload-service","timestamp":"2025-08-31 21:57:26"}
{"level":"info","message":"Initializing BlobServiceClient with connection string","service":"movie-upload-service","timestamp":"2025-08-31 21:58:59"}
{"container":"content","level":"info","message":"Successfully initialized BlobStorageService","service":"movie-upload-service","timestamp":"2025-08-31 21:58:59"}
{"level":"info","message":"Server is running on port 3000 in development mode","service":"movie-upload-service","timestamp":"2025-08-31 21:58:59"}
{"level":"info","message":"Initializing BlobServiceClient with connection string","service":"movie-upload-service","timestamp":"2025-08-31 21:59:21"}
{"container":"content","level":"info","message":"Successfully initialized BlobStorageService","service":"movie-upload-service","timestamp":"2025-08-31 21:59:21"}
{"level":"info","message":"Server is running on port 3000 in development mode","service":"movie-upload-service","timestamp":"2025-08-31 21:59:21"}
{"level":"info","localPath":"./ThalesFlytEdge_Data/ALineofFire-movie","message":"Upload request received","service":"movie-upload-service","timestamp":"2025-08-31 22:01:16","version":"1.0"}
{"error":"The specified container does not exist.\nRequestId:2cf83c30-b01e-0062-6998-1a4bbb000000\nTime:2025-08-31T17:01:18.3407302Z","level":"error","message":"Error uploading bundle","service":"movie-upload-service","stack":"RestError: The specified container does not exist.\nRequestId:2cf83c30-b01e-0062-6998-1a4bbb000000\nTime:2025-08-31T17:01:18.3407302Z\n    at handleErrorResponse (/home/talha/code/airline-dashboards/node_modules/@azure/core-client/dist/commonjs/deserializationPolicy.js:148:19)\n    at deserializeResponseBody (/home/talha/code/airline-dashboards/node_modules/@azure/core-client/dist/commonjs/deserializationPolicy.js:83:45)\n    at process.processTicksAndRejections (node:internal/process/task_queues:95:5)\n    at async StorageContextClient.sendOperationRequest (/home/talha/code/airline-dashboards/node_modules/@azure/core-client/dist/commonjs/serviceClient.js:109:33)\n    at async StorageContextClient.sendOperationRequest (/home/talha/code/airline-dashboards/node_modules/@azure/core-http-compat/dist/commonjs/extendedClient.js:45:24)\n    at async /home/talha/code/airline-dashboards/node_modules/@azure/storage-blob/dist/index.js:20842:35\n    at async Object.withSpan (/home/talha/code/airline-dashboards/node_modules/@azure/core-tracing/dist/commonjs/tracingClient.js:36:28)\n    at async /home/talha/code/airline-dashboards/node_modules/@azure/storage-blob/dist/index.js:21128:39\n    at async Object.withSpan (/home/talha/code/airline-dashboards/node_modules/@azure/core-tracing/dist/commonjs/tracingClient.js:36:28)\n    at async Object.withSpan (/home/talha/code/airline-dashboards/node_modules/@azure/core-tracing/dist/commonjs/tracingClient.js:36:28)","timestamp":"2025-08-31 22:01:18"}
{"level":"info","message":"Server is running on port 3000 in development mode","service":"movie-upload-service","timestamp":"2025-08-31 22:05:04"}
{"level":"info","message":"Initializing BlobServiceClient with connection string","service":"movie-upload-service","timestamp":"2025-08-31 22:05:31"}
{"container":"content","level":"info","message":"Successfully initialized BlobStorageService","service":"movie-upload-service","timestamp":"2025-08-31 22:05:32"}
{"level":"info","message":"Server is running on port 3000 in development mode","service":"movie-upload-service","timestamp":"2025-08-31 22:05:32"}
{"level":"info","message":"Initializing BlobServiceClient with connection string","service":"movie-upload-service","timestamp":"2025-08-31 22:07:15"}
{"container":"content","level":"info","message":"Successfully initialized BlobStorageService","service":"movie-upload-service","timestamp":"2025-08-31 22:07:16"}
{"level":"info","message":"Server is running on port 3000 in development mode","service":"movie-upload-service","timestamp":"2025-08-31 22:07:16"}
{"level":"info","localPath":"./ThalesFlytEdge_Data/ALineofFire-movie","message":"Upload request received","service":"movie-upload-service","timestamp":"2025-08-31 22:08:15","version":"1.0"}
{"bundleId":"4645db86-6fdd-4d30-9049-6195b46ddbe1","fileCount":3,"level":"info","message":"Upload completed successfully","service":"movie-upload-service","timestamp":"2025-08-31 22:08:18","totalSize":3148595}
{"level":"info","localPath":"./ThalesFlytEdge_Data/ALineofFire-movie","message":"Upload request received","service":"movie-upload-service","timestamp":"2025-08-31 22:19:14","version":"1.0"}
{"bundleId":"22469eb4-4a40-46ad-b6af-1939b1c554b3","fileCount":3,"level":"info","message":"Upload completed successfully","service":"movie-upload-service","timestamp":"2025-08-31 22:19:19","totalSize":3148595}
{"level":"info","localPath":"./ThalesFlytEdge_Data/ANiceIndianBoy-movie","message":"Upload request received","service":"movie-upload-service","timestamp":"2025-08-31 22:20:55","version":"1.0"}
{"bundleId":"80644d5c-6370-4fd0-8b85-7307bf07e818","fileCount":3,"level":"info","message":"Upload completed successfully","service":"movie-upload-service","timestamp":"2025-08-31 22:21:02","totalSize":5449016}
{"level":"info","localPath":"./ThalesFlytEdge_Data/ANiceIndianBoy-movie","message":"Upload request received","service":"movie-upload-service","timestamp":"2025-08-31 22:25:29","version":"1.0"}
{"bundleId":"b0780111-84f9-4e23-83f4-7ae16fe39b81","fileCount":3,"level":"info","message":"Upload completed successfully","service":"movie-upload-service","timestamp":"2025-08-31 22:25:44","totalSize":5449016}
{"level":"info","message":"Initializing BlobServiceClient with connection string","service":"movie-upload-service","timestamp":"2025-08-31 22:29:37"}
{"container":"content","level":"info","message":"Successfully initialized BlobStorageService","service":"movie-upload-service","timestamp":"2025-08-31 22:29:42"}
{"level":"info","message":"Server is running on port 3000 in development mode","service":"movie-upload-service","timestamp":"2025-08-31 22:29:42"}
{"level":"info","message":"Initializing BlobServiceClient with connection string","service":"movie-upload-service","timestamp":"2025-08-31 22:29:57"}
{"container":"content","level":"info","message":"Successfully initialized BlobStorageService","service":"movie-upload-service","timestamp":"2025-08-31 22:29:58"}
{"level":"info","message":"Server is running on port 3000 in development mode","service":"movie-upload-service","timestamp":"2025-08-31 22:29:58"}
{"level":"info","message":"Initializing BlobServiceClient with connection string","service":"movie-upload-service","timestamp":"2025-08-31 23:01:41"}
{"container":"content","level":"info","message":"Successfully initialized BlobStorageService","service":"movie-upload-service","timestamp":"2025-08-31 23:01:42"}
{"level":"info","message":"Server is running on port 3000 in development mode","service":"movie-upload-service","timestamp":"2025-08-31 23:01:42"}
{"level":"info","message":"Initializing BlobServiceClient with connection string","service":"movie-upload-service","timestamp":"2025-09-01 16:09:56"}
{"container":"content","level":"info","message":"Successfully initialized BlobStorageService","service":"movie-upload-service","timestamp":"2025-09-01 16:09:57"}
{"level":"info","message":"Server is running on port 3000 in development mode","service":"movie-upload-service","timestamp":"2025-09-01 16:09:57"}
{"level":"info","localPath":"./path/to/movie-bundle","message":"Upload request received","service":"movie-upload-service","timestamp":"2025-09-01 16:11:28","version":"1.0"}
{"error":"ENOENT: no such file or directory, stat '/Users/macbookpro/code/airline-dashboards/path/to/movie-bundle'","level":"error","message":"Error uploading bundle","service":"movie-upload-service","stack":"Error: ENOENT: no such file or directory, stat '/Users/macbookpro/code/airline-dashboards/path/to/movie-bundle'\n    at async Object.stat (node:internal/fs/promises:1040:18)\n    at async uploadBundle (/Users/macbookpro/code/airline-dashboards/src/controllers/uploadController.js:30:21)","timestamp":"2025-09-01 16:11:28"}
{"level":"info","localPath":"./ThalesFlytEdge_Data","message":"Upload request received","service":"movie-upload-service","timestamp":"2025-09-01 16:13:35","version":"1.0"}
{"bundleId":"af42b096-4c14-4230-8ec8-4347c3e018fb","fileCount":9,"level":"info","message":"Upload completed successfully","service":"movie-upload-service","timestamp":"2025-09-01 16:13:52","totalSize":12776535}
{"level":"info","message":"Initializing BlobServiceClient with connection string","service":"movie-upload-service","timestamp":"2025-09-02 18:41:35"}
{"container":"content","level":"info","message":"Successfully initialized BlobStorageService","service":"movie-upload-service","timestamp":"2025-09-02 18:41:36"}
{"level":"info","message":"Initializing BlobServiceClient with connection string","service":"movie-upload-service","timestamp":"2025-09-02 18:41:56"}
{"container":"content","level":"info","message":"Successfully initialized BlobStorageService","service":"movie-upload-service","timestamp":"2025-09-02 18:41:57"}
{"level":"info","message":"Server is running on port 3003 in development mode","service":"movie-upload-service","timestamp":"2025-09-02 18:41:57"}
{"level":"info","message":"Initializing BlobServiceClient with connection string","service":"movie-upload-service","timestamp":"2025-09-02 18:48:03"}
{"container":"content","level":"info","message":"Successfully initialized BlobStorageService","service":"movie-upload-service","timestamp":"2025-09-02 18:48:04"}
{"level":"info","message":"Initializing BlobServiceClient with connection string","service":"movie-upload-service","timestamp":"2025-09-02 18:48:50"}
{"container":"content","level":"info","message":"Successfully initialized BlobStorageService","service":"movie-upload-service","timestamp":"2025-09-02 18:48:51"}
{"level":"info","message":"Server is running on port 3003 in development mode","service":"movie-upload-service","timestamp":"2025-09-02 18:48:51"}
{"level":"info","message":"Initializing BlobServiceClient with connection string","service":"movie-upload-service","timestamp":"2025-09-02 18:49:20"}
{"container":"content","level":"info","message":"Successfully initialized BlobStorageService","service":"movie-upload-service","timestamp":"2025-09-02 18:49:21"}
{"level":"info","message":"Server is running on port 3004 in development mode","service":"movie-upload-service","timestamp":"2025-09-02 18:49:21"}
{"bundles":["ALineofFire","ANiceIndianBoy","TheLifeofChuck"],"level":"info","message":"Retrieved bundle names","service":"movie-upload-service","timestamp":"2025-09-02 18:49:46"}
{"bundleName":"ALineofFireooo","error":"ENOENT: no such file or directory, open '/Users/macbookpro/code/airline-dashboards/ThalesFlytEdge_Data/ALineofFireooo/feed/ALineofFireooo-movie.json'","level":"error","message":"Error reading bundle metadata","service":"movie-upload-service","timestamp":"2025-09-02 18:50:53"}
{"error":"ENOENT: no such file or directory, open '/Users/macbookpro/code/airline-dashboards/ThalesFlytEdge_Data/ALineofFireooo/feed/ALineofFireooo-movie.json'","level":"error","message":"Error creating bundle from local data","service":"movie-upload-service","timestamp":"2025-09-02 18:50:53"}
{"bundleId":"0126df29564f1b64c0cb5d70378bddbeacde6f01bca1034a853cb53f8fa189e8","bundleName":"ALineofFire","level":"info","message":"Bundle created successfully","service":"movie-upload-service","timestamp":"2025-09-02 18:51:19"}
{"error":"Cannot read properties of undefined (reading 'saveBundleInfo')","level":"error","message":"Error creating bundle from local data","service":"movie-upload-service","timestamp":"2025-09-02 18:51:19"}
{"error":"Request failed with status code 409","level":"error","message":"Error creating bundle","response":"Bundle already exists","service":"movie-upload-service","timestamp":"2025-09-02 18:52:27"}
{"error":"Request failed with status code 409","level":"error","message":"Error creating bundle from local data","service":"movie-upload-service","timestamp":"2025-09-02 18:52:27"}
{"bundleId":"1cd7c39bf0666b117384d2a92058fbd32fd1c1440802408af3bcf319bade118c","bundleName":"ALineofFire-test","level":"info","message":"Bundle created successfully","service":"movie-upload-service","timestamp":"2025-09-02 18:52:43"}
{"error":"Cannot read properties of undefined (reading 'saveBundleInfo')","level":"error","message":"Error creating bundle","service":"movie-upload-service","timestamp":"2025-09-02 18:52:43"}
{"bundleId":"0126df29564f1b64c0cb5d70378bddbeacde6f01bca1034a853cb53f8fa189e8","bundleName":"ALineofFire","level":"info","message":"Bundle created successfully","service":"movie-upload-service","timestamp":"2025-09-02 18:54:50"}
{"error":"Cannot read properties of undefined (reading 'saveBundleInfo')","level":"error","message":"Error creating bundle from local data","service":"movie-upload-service","timestamp":"2025-09-02 18:54:50"}
{"error":"Request failed with status code 409","level":"error","message":"Error creating bundle","response":"Bundle already exists","service":"movie-upload-service","timestamp":"2025-09-02 18:56:59"}
{"error":"Request failed with status code 409","level":"error","message":"Error creating bundle from local data","service":"movie-upload-service","timestamp":"2025-09-02 18:56:59"}
{"error":"Request failed with status code 409","level":"error","message":"Error creating bundle","response":"Bundle already exists","service":"movie-upload-service","timestamp":"2025-09-02 18:59:00"}
{"error":"Request failed with status code 409","level":"error","message":"Error creating bundle from local data","service":"movie-upload-service","timestamp":"2025-09-02 18:59:00"}
{"level":"info","message":"Initializing BlobServiceClient with connection string","service":"movie-upload-service","timestamp":"2025-09-02 19:00:18"}
{"container":"content","level":"info","message":"Successfully initialized BlobStorageService","service":"movie-upload-service","timestamp":"2025-09-02 19:00:19"}
{"level":"info","message":"Server is running on port 3005 in development mode","service":"movie-upload-service","timestamp":"2025-09-02 19:00:19"}
{"error":"Request failed with status code 409","level":"error","message":"Error creating bundle","response":"Bundle already exists","service":"movie-upload-service","timestamp":"2025-09-02 19:00:36"}
{"error":"Request failed with status code 409","level":"error","message":"Error creating bundle from local data","service":"movie-upload-service","timestamp":"2025-09-02 19:00:36"}
{"bundleName":"ALineofFirew","error":"ENOENT: no such file or directory, open '/Users/macbookpro/code/airline-dashboards/ThalesFlytEdge_Data/ALineofFirew/feed/ALineofFirew-movie.json'","level":"error","message":"Error reading bundle metadata","service":"movie-upload-service","timestamp":"2025-09-02 19:01:15"}
{"error":"ENOENT: no such file or directory, open '/Users/macbookpro/code/airline-dashboards/ThalesFlytEdge_Data/ALineofFirew/feed/ALineofFirew-movie.json'","level":"error","message":"Error creating bundle from local data","service":"movie-upload-service","timestamp":"2025-09-02 19:01:15"}
{"bundleName":"ALineofFireTest","error":"ENOENT: no such file or directory, open '/Users/macbookpro/code/airline-dashboards/ThalesFlytEdge_Data/ALineofFireTest/feed/ALineofFireTest-movie.json'","level":"error","message":"Error reading bundle metadata","service":"movie-upload-service","timestamp":"2025-09-02 19:02:35"}
{"error":"ENOENT: no such file or directory, open '/Users/macbookpro/code/airline-dashboards/ThalesFlytEdge_Data/ALineofFireTest/feed/ALineofFireTest-movie.json'","level":"error","message":"Error creating bundle from local data","service":"movie-upload-service","timestamp":"2025-09-02 19:02:35"}
{"bundleName":"ALineofFireTest","error":"ENOENT: no such file or directory, open '/Users/macbookpro/code/airline-dashboards/ThalesFlytEdge_Data/ALineofFireTest/feed/ALineofFireTest-movie.json'","level":"error","message":"Error reading bundle metadata","service":"movie-upload-service","timestamp":"2025-09-02 19:04:44"}
{"error":"ENOENT: no such file or directory, open '/Users/macbookpro/code/airline-dashboards/ThalesFlytEdge_Data/ALineofFireTest/feed/ALineofFireTest-movie.json'","level":"error","message":"Error creating bundle from local data","service":"movie-upload-service","timestamp":"2025-09-02 19:04:44"}
{"bundleName":"ALineofFireTest","error":"ENOENT: no such file or directory, open '/Users/macbookpro/code/airline-dashboards/ThalesFlytEdge_Data/ALineofFireTest/feed/ALineofFireTest-movie.json'","level":"error","message":"Error reading bundle metadata","service":"movie-upload-service","timestamp":"2025-09-02 19:04:46"}
{"error":"ENOENT: no such file or directory, open '/Users/macbookpro/code/airline-dashboards/ThalesFlytEdge_Data/ALineofFireTest/feed/ALineofFireTest-movie.json'","level":"error","message":"Error creating bundle from local data","service":"movie-upload-service","timestamp":"2025-09-02 19:04:46"}
{"bundleName":"ALineofFireTest","error":"ENOENT: no such file or directory, open '/Users/macbookpro/code/airline-dashboards/ThalesFlytEdge_Data/ALineofFireTest/feed/ALineofFireTest-movie.json'","level":"error","message":"Error reading bundle metadata","service":"movie-upload-service","timestamp":"2025-09-02 19:05:19"}
{"error":"ENOENT: no such file or directory, open '/Users/macbookpro/code/airline-dashboards/ThalesFlytEdge_Data/ALineofFireTest/feed/ALineofFireTest-movie.json'","level":"error","message":"Error creating bundle from local data","service":"movie-upload-service","timestamp":"2025-09-02 19:05:19"}
{"level":"info","message":"Initializing BlobServiceClient with connection string","service":"movie-upload-service","timestamp":"2025-09-02 19:06:00"}
{"container":"content","level":"info","message":"Successfully initialized BlobStorageService","service":"movie-upload-service","timestamp":"2025-09-02 19:06:02"}
{"level":"info","message":"Server is running on port 3005 in development mode","service":"movie-upload-service","timestamp":"2025-09-02 19:06:02"}
{"bundleName":"ALineofFireTest","error":"ENOENT: no such file or directory, open '/Users/macbookpro/code/airline-dashboards/ThalesFlytEdge_Data/ALineofFireTest/feed/ALineofFireTest-movie.json'","level":"error","message":"Error reading bundle metadata","service":"movie-upload-service","timestamp":"2025-09-02 19:06:09"}
{"error":"ENOENT: no such file or directory, open '/Users/macbookpro/code/airline-dashboards/ThalesFlytEdge_Data/ALineofFireTest/feed/ALineofFireTest-movie.json'","level":"error","message":"Error creating bundle from local data","service":"movie-upload-service","timestamp":"2025-09-02 19:06:09"}
{"bundleName":"ALineofFireTest","error":"ENOENT: no such file or directory, open '/Users/macbookpro/code/airline-dashboards/ThalesFlytEdge_Data/ALineofFireTest/feed/ALineofFireTest-movie.json'","level":"error","message":"Error reading bundle metadata","service":"movie-upload-service","timestamp":"2025-09-02 19:07:10"}
{"error":"ENOENT: no such file or directory, open '/Users/macbookpro/code/airline-dashboards/ThalesFlytEdge_Data/ALineofFireTest/feed/ALineofFireTest-movie.json'","level":"error","message":"Error creating bundle from local data","service":"movie-upload-service","timestamp":"2025-09-02 19:07:10"}
{"bundleName":"ALineofFireTest","error":"ENOENT: no such file or directory, open '/Users/macbookpro/code/airline-dashboards/ThalesFlytEdge_Data/ALineofFireTest/feed/ALineofFireTest-movie.json'","level":"error","message":"Error reading bundle metadata","service":"movie-upload-service","timestamp":"2025-09-02 19:07:11"}
{"error":"ENOENT: no such file or directory, open '/Users/macbookpro/code/airline-dashboards/ThalesFlytEdge_Data/ALineofFireTest/feed/ALineofFireTest-movie.json'","level":"error","message":"Error creating bundle from local data","service":"movie-upload-service","timestamp":"2025-09-02 19:07:11"}
{"bundleName":"ALineofFireTest","error":"ENOENT: no such file or directory, open '/Users/macbookpro/code/airline-dashboards/ThalesFlytEdge_Data/ALineofFireTest/feed/ALineofFireTest-movie.json'","level":"error","message":"Error reading bundle metadata","service":"movie-upload-service","timestamp":"2025-09-02 19:07:12"}
{"error":"ENOENT: no such file or directory, open '/Users/macbookpro/code/airline-dashboards/ThalesFlytEdge_Data/ALineofFireTest/feed/ALineofFireTest-movie.json'","level":"error","message":"Error creating bundle from local data","service":"movie-upload-service","timestamp":"2025-09-02 19:07:12"}
{"level":"info","message":"Initializing BlobServiceClient with connection string","service":"movie-upload-service","timestamp":"2025-09-02 19:07:24"}
{"container":"content","level":"info","message":"Successfully initialized BlobStorageService","service":"movie-upload-service","timestamp":"2025-09-02 19:07:25"}
{"level":"info","message":"Server is running on port 3005 in development mode","service":"movie-upload-service","timestamp":"2025-09-02 19:07:25"}
{"bundleName":"ALineofFireTest","error":"ENOENT: no such file or directory, open '/Users/macbookpro/code/airline-dashboards/ThalesFlytEdge_Data/ALineofFireTest/feed/ALineofFireTest-movie.json'","level":"error","message":"Error reading bundle metadata","service":"movie-upload-service","timestamp":"2025-09-02 19:07:32"}
{"error":"ENOENT: no such file or directory, open '/Users/macbookpro/code/airline-dashboards/ThalesFlytEdge_Data/ALineofFireTest/feed/ALineofFireTest-movie.json'","level":"error","message":"Error creating bundle from local data","service":"movie-upload-service","timestamp":"2025-09-02 19:07:32"}
{"bundleName":"ALineofFireTest","error":"ENOENT: no such file or directory, open '/Users/macbookpro/code/airline-dashboards/ThalesFlytEdge_Data/ALineofFireTest/feed/ALineofFireTest-movie.json'","level":"error","message":"Error reading bundle metadata","service":"movie-upload-service","timestamp":"2025-09-02 19:07:33"}
{"error":"ENOENT: no such file or directory, open '/Users/macbookpro/code/airline-dashboards/ThalesFlytEdge_Data/ALineofFireTest/feed/ALineofFireTest-movie.json'","level":"error","message":"Error creating bundle from local data","service":"movie-upload-service","timestamp":"2025-09-02 19:07:33"}
{"bundleName":"ALineofFireTest","error":"ENOENT: no such file or directory, open '/Users/macbookpro/code/airline-dashboards/ThalesFlytEdge_Data/ALineofFireTest/feed/ALineofFireTest-movie.json'","level":"error","message":"Error reading bundle metadata","service":"movie-upload-service","timestamp":"2025-09-02 19:07:34"}
{"error":"ENOENT: no such file or directory, open '/Users/macbookpro/code/airline-dashboards/ThalesFlytEdge_Data/ALineofFireTest/feed/ALineofFireTest-movie.json'","level":"error","message":"Error creating bundle from local data","service":"movie-upload-service","timestamp":"2025-09-02 19:07:34"}
{"error":"Request failed with status code 409","level":"error","message":"Error creating bundle","response":"Bundle already exists","service":"movie-upload-service","timestamp":"2025-09-02 19:07:49"}
{"error":"Request failed with status code 409","level":"error","message":"Error creating bundle from local data","service":"movie-upload-service","timestamp":"2025-09-02 19:07:49"}
{"level":"info","message":"Initializing BlobServiceClient with connection string","service":"movie-upload-service","timestamp":"2025-09-02 19:08:44"}
{"container":"content","level":"info","message":"Successfully initialized BlobStorageService","service":"movie-upload-service","timestamp":"2025-09-02 19:08:46"}
{"level":"info","message":"Server is running on port 3005 in development mode","service":"movie-upload-service","timestamp":"2025-09-02 19:08:46"}
{"level":"info","message":"Initializing BlobServiceClient with connection string","service":"movie-upload-service","timestamp":"2025-09-02 19:09:04"}
{"container":"content","level":"info","message":"Successfully initialized BlobStorageService","service":"movie-upload-service","timestamp":"2025-09-02 19:09:05"}
{"level":"info","message":"Server is running on port 3005 in development mode","service":"movie-upload-service","timestamp":"2025-09-02 19:09:05"}
{"bundles":["ALineofFire","ALineofFireloTest","ANiceIndianBoy","TheLifeofChuck"],"level":"info","message":"Retrieved bundle names","service":"movie-upload-service","timestamp":"2025-09-02 19:10:47"}
{"bundleName":"ALineofFireloTest","error":"ENOENT: no such file or directory, open '/Users/macbookpro/code/airline-dashboards/ThalesFlytEdge_Data/ALineofFireloTest/feed/ALineofFireloTest-movie.json'","level":"error","message":"Error reading bundle metadata","service":"movie-upload-service","timestamp":"2025-09-02 19:11:40"}
{"error":"ENOENT: no such file or directory, open '/Users/macbookpro/code/airline-dashboards/ThalesFlytEdge_Data/ALineofFireloTest/feed/ALineofFireloTest-movie.json'","level":"error","message":"Error creating bundle from local data","service":"movie-upload-service","timestamp":"2025-09-02 19:11:40"}
{"level":"info","message":"Initializing BlobServiceClient with connection string","service":"movie-upload-service","timestamp":"2025-09-02 19:15:07"}
{"container":"content","level":"info","message":"Successfully initialized BlobStorageService","service":"movie-upload-service","timestamp":"2025-09-02 19:15:08"}
{"level":"info","message":"Server is running on port 3005 in development mode","service":"movie-upload-service","timestamp":"2025-09-02 19:15:08"}
{"bundleId":"84d897f11bbd113df718f29cbe852a2dd8d297807926b41ecc9e1796a57e0ce9","bundleName":"ALineofFireloTest","level":"info","message":"Bundle created successfully","service":"movie-upload-service","timestamp":"2025-09-02 19:16:11"}
{"bundleId":":bundleId","bundleVersion":":bundleVersion","error":"Request failed with status code 400","level":"error","message":"Error retrieving SAS token","service":"movie-upload-service","timestamp":"2025-09-02 19:23:01"}
{"bundleId":":bundleId","bundleVersion":":bundleVersion","error":"Request failed with status code 400","level":"error","message":"Error getting bundle SAS","service":"movie-upload-service","timestamp":"2025-09-02 19:23:01"}
{"bundleId":"84d897f11bbd113df718f29cbe852a2dd8d297807926b41ecc9e1796a57e0ce9","bundleVersion":"1.0.1","level":"info","message":"Retrieved SAS token","service":"movie-upload-service","timestamp":"2025-09-02 19:25:11"}
{"level":"info","message":"Initializing BlobServiceClient with connection string","service":"movie-upload-service","timestamp":"2025-09-02 19:37:09"}
{"container":"content","level":"info","message":"Successfully initialized BlobStorageService","service":"movie-upload-service","timestamp":"2025-09-02 19:37:11"}
{"level":"info","message":"Server is running on port 3005 in development mode","service":"movie-upload-service","timestamp":"2025-09-02 19:37:11"}
{"bundles":["ALineofFire","ALineofFireloTest","ANiceIndianBoy","TheLifeofChuck"],"level":"info","message":"Retrieved bundle names","service":"movie-upload-service","timestamp":"2025-09-02 19:40:15"}
{"bundles":["ALineofFire","ALineofFireloTest","ANiceIndianBoy","TheLifeofChuck"],"level":"info","message":"Retrieved bundle names","service":"movie-upload-service","timestamp":"2025-09-02 19:40:34"}
{"bundles":["ALineofFire","ALineofFireloTest","ANiceIndianBoy","TheLifeofChuck"],"level":"info","message":"Retrieved bundle names","service":"movie-upload-service","timestamp":"2025-09-02 19:42:49"}
{"bundleName":"ALineofFire-001","error":"ENOENT: no such file or directory, open '/home/talha/code/airline-dashboards/ThalesFlytEdge_Data/ALineofFire-001/feed/ALineofFire-001-movie.json'","level":"error","message":"Error reading bundle metadata","service":"movie-upload-service","timestamp":"2025-09-02 19:53:01"}
{"error":"ENOENT: no such file or directory, open '/home/talha/code/airline-dashboards/ThalesFlytEdge_Data/ALineofFire-001/feed/ALineofFire-001-movie.json'","level":"error","message":"Error creating bundle from local data","service":"movie-upload-service","timestamp":"2025-09-02 19:53:01"}
{"level":"info","message":"Initializing BlobServiceClient with connection string","service":"movie-upload-service","timestamp":"2025-09-02 19:53:53"}
{"container":"content","level":"info","message":"Successfully initialized BlobStorageService","service":"movie-upload-service","timestamp":"2025-09-02 19:53:55"}
{"level":"info","message":"Server is running on port 3005 in development mode","service":"movie-upload-service","timestamp":"2025-09-02 19:53:55"}
{"level":"info","message":"Initializing BlobServiceClient with connection string","service":"movie-upload-service","timestamp":"2025-09-02 19:54:13"}
{"container":"content","level":"info","message":"Successfully initialized BlobStorageService","service":"movie-upload-service","timestamp":"2025-09-02 19:54:14"}
{"level":"info","message":"Server is running on port 3005 in development mode","service":"movie-upload-service","timestamp":"2025-09-02 19:54:14"}
{"level":"info","message":"Initializing BlobServiceClient with connection string","service":"movie-upload-service","timestamp":"2025-09-02 19:54:38"}
{"container":"content","level":"info","message":"Successfully initialized BlobStorageService","service":"movie-upload-service","timestamp":"2025-09-02 19:54:39"}
{"level":"info","message":"Server is running on port 3005 in development mode","service":"movie-upload-service","timestamp":"2025-09-02 19:54:39"}
{"bundleId":"116a3a0dfd10e87a18c9470542e1618a79c07a9a018148b6ff70f69c8e668d89","bundleName":"TheLifeofChucksTest","level":"info","message":"Bundle created successfully","service":"movie-upload-service","timestamp":"2025-09-02 19:55:53"}
{"bundleId":"116a3a0dfd10e87a18c9470542e1618a79c07a9a018148b6ff70f69c8e668d89","bundleVersion":"2.0","level":"info","message":"Retrieved SAS token","service":"movie-upload-service","timestamp":"2025-09-02 19:59:54"}
{"bundleId":"116a3a0dfd10e87a18c9470542e1618a79c07a9a018148b6ff70f69c8e668d89","bundleVersion":"2.0","error":"Request failed with status code 405","level":"error","message":"Error validating bundle","service":"movie-upload-service","timestamp":"2025-09-02 20:02:41"}
{"bundleId":"116a3a0dfd10e87a18c9470542e1618a79c07a9a018148b6ff70f69c8e668d89","bundleVersion":"2.0","error":"Request failed with status code 405","level":"error","message":"Error validating bundle","service":"movie-upload-service","timestamp":"2025-09-02 20:02:41"}
{"bundleId":"116a3a0dfd10e87a18c9470542e1618a79c07a9a018148b6ff70f69c8e668d89","bundleVersion":"2.0","error":"Request failed with status code 405","level":"error","message":"Error validating bundle","service":"movie-upload-service","timestamp":"2025-09-02 20:02:58"}
{"bundleId":"116a3a0dfd10e87a18c9470542e1618a79c07a9a018148b6ff70f69c8e668d89","bundleVersion":"2.0","error":"Request failed with status code 405","level":"error","message":"Error validating bundle","service":"movie-upload-service","timestamp":"2025-09-02 20:02:58"}
{"bundleId":"116a3a0dfd10e87a18c9470542e1618a79c07a9a018148b6ff70f69c8e668d89","bundleVersion":"2.0","error":"Request failed with status code 405","level":"error","message":"Error validating bundle","service":"movie-upload-service","timestamp":"2025-09-02 20:14:24"}
{"bundleId":"116a3a0dfd10e87a18c9470542e1618a79c07a9a018148b6ff70f69c8e668d89","bundleVersion":"2.0","error":"Request failed with status code 405","level":"error","message":"Error validating bundle","service":"movie-upload-service","timestamp":"2025-09-02 20:14:24"}
{"bundleId":"116a3a0dfd10e87a18c9470542e1618a79c07a9a018148b6ff70f69c8e668d89","bundleVersion":"2.0","error":"Request failed with status code 405","level":"error","message":"Error validating bundle","service":"movie-upload-service","timestamp":"2025-09-02 20:15:40"}
{"bundleId":"116a3a0dfd10e87a18c9470542e1618a79c07a9a018148b6ff70f69c8e668d89","bundleVersion":"2.0","error":"Request failed with status code 405","level":"error","message":"Error validating bundle","service":"movie-upload-service","timestamp":"2025-09-02 20:15:40"}
{"bundleId":"116a3a0dfd10e87a18c9470542e1618a79c07a9a018148b6ff70f69c8e668d89","bundleVersion":"2.0","error":"Request failed with status code 405","level":"error","message":"Error validating bundle","service":"movie-upload-service","timestamp":"2025-09-02 20:17:08"}
{"bundleId":"116a3a0dfd10e87a18c9470542e1618a79c07a9a018148b6ff70f69c8e668d89","bundleVersion":"2.0","error":"Request failed with status code 405","level":"error","message":"Error validating bundle","service":"movie-upload-service","timestamp":"2025-09-02 20:17:08"}
{"bundleId":"116a3a0dfd10e87a18c9470542e1618a79c07a9a018148b6ff70f69c8e668d89","bundleVersion":"2.0","error":"Request failed with status code 405","level":"error","message":"Error validating bundle","service":"movie-upload-service","timestamp":"2025-09-02 20:22:19"}
{"bundleId":"116a3a0dfd10e87a18c9470542e1618a79c07a9a018148b6ff70f69c8e668d89","bundleVersion":"2.0","error":"Request failed with status code 405","level":"error","message":"Error validating bundle","service":"movie-upload-service","timestamp":"2025-09-02 20:22:19"}
{"bundleId":"116a3a0dfd10e87a18c9470542e1618a79c07a9a018148b6ff70f69c8e668d89","bundleVersion":"2.0","error":"Request failed with status code 405","level":"error","message":"Error validating bundle","service":"movie-upload-service","timestamp":"2025-09-02 20:28:34"}
{"bundleId":"116a3a0dfd10e87a18c9470542e1618a79c07a9a018148b6ff70f69c8e668d89","bundleVersion":"2.0","error":"Request failed with status code 405","level":"error","message":"Error validating bundle","service":"movie-upload-service","timestamp":"2025-09-02 20:28:34"}
{"bundleId":"116a3a0dfd10e87a18c9470542e1618a79c07a9a018148b6ff70f69c8e668d89","bundleVersion":"2.0","error":"Request failed with status code 405","level":"error","message":"Error validating bundle","service":"movie-upload-service","timestamp":"2025-09-02 20:29:26"}
{"bundleId":"116a3a0dfd10e87a18c9470542e1618a79c07a9a018148b6ff70f69c8e668d89","bundleVersion":"2.0","error":"Request failed with status code 405","level":"error","message":"Error validating bundle","service":"movie-upload-service","timestamp":"2025-09-02 20:29:26"}
{"bundleId":"116a3a0dfd10e87a18c9470542e1618a79c07a9a018148b6ff70f69c8e668d89","bundleVersion":"2.0","level":"info","message":"Bundle updated after upload","service":"movie-upload-service","timestamp":"2025-09-02 20:30:04"}
{"bundleId":"116a3a0dfd10e87a18c9470542e1618a79c07a9a018148b6ff70f69c8e668d89","bundleVersion":"2.0","error":"Request failed with status code 405","level":"error","message":"Error validating bundle","service":"movie-upload-service","timestamp":"2025-09-02 20:32:17"}
{"bundleId":"116a3a0dfd10e87a18c9470542e1618a79c07a9a018148b6ff70f69c8e668d89","bundleVersion":"2.0","error":"Request failed with status code 405","level":"error","message":"Error validating bundle","service":"movie-upload-service","timestamp":"2025-09-02 20:32:17"}
{"bundles":["ALineofFire","ALineofFireloTest","ANiceIndianBoy","TheLifeofChuck","TheLifeofChucksTest"],"level":"info","message":"Retrieved bundle names","service":"movie-upload-service","timestamp":"2025-09-02 20:35:06"}
{"bundleId":"116a3a0dfd10e87a18c9470542e1618a79c07a9a018148b6ff70f69c8e668d89","bundleVersion":"2.0","error":"Request failed with status code 405","level":"error","message":"Error validating bundle","service":"movie-upload-service","timestamp":"2025-09-02 20:39:16"}
{"bundleId":"116a3a0dfd10e87a18c9470542e1618a79c07a9a018148b6ff70f69c8e668d89","bundleVersion":"2.0","error":"Request failed with status code 405","level":"error","message":"Error validating bundle","service":"movie-upload-service","timestamp":"2025-09-02 20:39:16"}
{"level":"info","message":"Initializing BlobServiceClient with connection string","service":"movie-upload-service","timestamp":"2025-09-02 20:40:04"}
{"container":"content","level":"info","message":"Successfully initialized BlobStorageService","service":"movie-upload-service","timestamp":"2025-09-02 20:40:05"}
{"level":"info","message":"Server is running on port 3005 in development mode","service":"movie-upload-service","timestamp":"2025-09-02 20:40:05"}
{"level":"info","message":"Initializing BlobServiceClient with connection string","service":"movie-upload-service","timestamp":"2025-09-02 20:43:15"}
{"container":"content","level":"info","message":"Successfully initialized BlobStorageService","service":"movie-upload-service","timestamp":"2025-09-02 20:43:16"}
{"level":"info","message":"Server is running on port 3005 in development mode","service":"movie-upload-service","timestamp":"2025-09-02 20:43:16"}
{"bundleId":"116a3a0dfd10e87a18c9470542e1618a79c07a9a018148b6ff70f69c8e668d89","bundleVersion":"2.0","level":"info","message":"Bundle validation initiated","service":"movie-upload-service","timestamp":"2025-09-02 20:44:58"}
{"bundleId":"116a3a0dfd10e87a18c9470542e1618a79c07a9a018148b6ff70f69c8e668d89","bundleVersion":"2.0","level":"info","message":"Bundle validation initiated","service":"movie-upload-service","timestamp":"2025-09-02 20:45:44"}
{"bundleId":"116a3a0dfd10e87a18c9470542e1618a79c07a9a018148b6ff70f69c8e668d89","bundleVersion":"2.0","level":"info","message":"Bundle updated after upload","service":"movie-upload-service","timestamp":"2025-09-02 20:51:00"}
{"error":"Request failed with status code 409","level":"error","message":"Error creating bundle","response":"Bundle already exists","service":"movie-upload-service","timestamp":"2025-09-02 20:54:10"}
{"error":"Request failed with status code 409","level":"error","message":"Error creating bundle from local data","service":"movie-upload-service","timestamp":"2025-09-02 20:54:10"}
{"level":"info","message":"Initializing BlobServiceClient with connection string","service":"movie-upload-service","timestamp":"2025-09-02 20:56:46"}
{"container":"content","level":"info","message":"Successfully initialized BlobStorageService","service":"movie-upload-service","timestamp":"2025-09-02 20:56:48"}
{"level":"info","message":"Server is running on port 3005 in development mode","service":"movie-upload-service","timestamp":"2025-09-02 20:56:48"}
{"level":"info","message":"Initializing BlobServiceClient with connection string","service":"movie-upload-service","timestamp":"2025-09-02 20:58:21"}
{"container":"content","level":"info","message":"Successfully initialized BlobStorageService","service":"movie-upload-service","timestamp":"2025-09-02 20:58:23"}
{"level":"info","message":"Server is running on port 3005 in development mode","service":"movie-upload-service","timestamp":"2025-09-02 20:58:23"}
{"bundleName":"MyAutomatedBundle","error":"ENOENT: no such file or directory, open '/home/talha/code/airline-dashboards/ThalesFlytEdge_Data/MyAutomatedBundle/feed/MyAutomatedBundle-movie.json'","level":"error","message":"Error reading bundle metadata","service":"movie-upload-service","timestamp":"2025-09-02 20:58:32"}
{"error":"ENOENT: no such file or directory, open '/home/talha/code/airline-dashboards/ThalesFlytEdge_Data/MyAutomatedBundle/feed/MyAutomatedBundle-movie.json'","level":"error","message":"Error creating bundle from local data","service":"movie-upload-service","timestamp":"2025-09-02 20:58:32"}
{"level":"info","message":"Initializing BlobServiceClient with connection string","service":"movie-upload-service","timestamp":"2025-09-02 21:00:28"}
{"container":"content","level":"info","message":"Successfully initialized BlobStorageService","service":"movie-upload-service","timestamp":"2025-09-02 21:00:30"}
{"level":"info","message":"Server is running on port 3005 in development mode","service":"movie-upload-service","timestamp":"2025-09-02 21:00:30"}
{"level":"info","message":"Initializing BlobServiceClient with connection string","service":"movie-upload-service","timestamp":"2025-09-02 21:00:45"}
{"container":"content","level":"info","message":"Successfully initialized BlobStorageService","service":"movie-upload-service","timestamp":"2025-09-02 21:00:46"}
{"level":"info","message":"Server is running on port 3005 in development mode","service":"movie-upload-service","timestamp":"2025-09-02 21:00:46"}
{"level":"info","message":"Initializing BlobServiceClient with connection string","service":"movie-upload-service","timestamp":"2025-09-02 21:01:14"}
{"container":"content","level":"info","message":"Successfully initialized BlobStorageService","service":"movie-upload-service","timestamp":"2025-09-02 21:01:15"}
{"level":"info","message":"Server is running on port 3005 in development mode","service":"movie-upload-service","timestamp":"2025-09-02 21:01:15"}
{"bundleId":"2711e383867bd74728e37dc39d1fcb0c8af1a5b2550a8d023dede076c23c14e5","bundleName":"MyAutomatedBundle","level":"info","message":"Bundle created successfully","service":"movie-upload-service","timestamp":"2025-09-02 21:01:52"}
{"bundleId":"undefined","bundleVersion":"1.0.0","error":"Request failed with status code 404","level":"error","message":"Error retrieving SAS token","service":"movie-upload-service","timestamp":"2025-09-02 21:01:54"}
{"bundleId":"undefined","bundleVersion":"1.0.0","error":"Request failed with status code 404","level":"error","message":"Error getting bundle SAS","service":"movie-upload-service","timestamp":"2025-09-02 21:01:54"}
{"level":"info","message":"Initializing BlobServiceClient with connection string","service":"movie-upload-service","timestamp":"2025-09-02 21:04:37"}
{"container":"content","level":"info","message":"Successfully initialized BlobStorageService","service":"movie-upload-service","timestamp":"2025-09-02 21:04:39"}
{"level":"info","message":"Server is running on port 3005 in development mode","service":"movie-upload-service","timestamp":"2025-09-02 21:04:39"}
{"level":"info","message":"Initializing BlobServiceClient with connection string","service":"movie-upload-service","timestamp":"2025-09-02 21:06:02"}
{"container":"content","level":"info","message":"Successfully initialized BlobStorageService","service":"movie-upload-service","timestamp":"2025-09-02 21:06:04"}
{"level":"info","message":"Server is running on port 3005 in development mode","service":"movie-upload-service","timestamp":"2025-09-02 21:06:04"}
{"level":"info","message":"Initializing BlobServiceClient with connection string","service":"movie-upload-service","timestamp":"2025-09-02 21:06:52"}
{"container":"content","level":"info","message":"Successfully initialized BlobStorageService","service":"movie-upload-service","timestamp":"2025-09-02 21:06:54"}
{"level":"info","message":"Server is running on port 3005 in development mode","service":"movie-upload-service","timestamp":"2025-09-02 21:06:54"}
{"error":"Request failed with status code 409","level":"error","message":"Error creating bundle","response":"Bundle already exists","service":"movie-upload-service","timestamp":"2025-09-02 21:08:26"}
{"error":"Request failed with status code 409","level":"error","message":"Error creating bundle from local data","service":"movie-upload-service","timestamp":"2025-09-02 21:08:26"}
{"level":"info","message":"Initializing BlobServiceClient with connection string","service":"movie-upload-service","timestamp":"2025-09-02 21:09:13"}
{"container":"content","level":"info","message":"Successfully initialized BlobStorageService","service":"movie-upload-service","timestamp":"2025-09-02 21:09:15"}
{"level":"info","message":"Server is running on port 3005 in development mode","service":"movie-upload-service","timestamp":"2025-09-02 21:09:15"}
{"error":"Request failed with status code 409","level":"error","message":"Error creating bundle","response":"Bundle already exists","service":"movie-upload-service","timestamp":"2025-09-02 21:09:28"}
{"error":"Request failed with status code 409","level":"error","message":"Error creating bundle from local data","service":"movie-upload-service","timestamp":"2025-09-02 21:09:28"}
{"level":"info","message":"Initializing BlobServiceClient with connection string","service":"movie-upload-service","timestamp":"2025-09-02 21:11:39"}
{"container":"content","level":"info","message":"Successfully initialized BlobStorageService","service":"movie-upload-service","timestamp":"2025-09-02 21:11:41"}
{"level":"info","message":"Server is running on port 3005 in development mode","service":"movie-upload-service","timestamp":"2025-09-02 21:11:41"}
{"bundleId":"0126df29564f1b64c0cb5d70378bddbeacde6f01bca1034a853cb53f8fa189e8","bundleName":"ALineofFire","level":"info","message":"Bundle created successfully","service":"movie-upload-service","timestamp":"2025-09-02 21:12:21"}
{"level":"info","message":"Initializing BlobServiceClient with connection string","service":"movie-upload-service","timestamp":"2025-09-02 21:12:40"}
{"container":"content","level":"info","message":"Successfully initialized BlobStorageService","service":"movie-upload-service","timestamp":"2025-09-02 21:12:42"}
{"level":"info","message":"Server is running on port 3005 in development mode","service":"movie-upload-service","timestamp":"2025-09-02 21:12:42"}
{"error":"Request failed with status code 409","level":"error","message":"Error creating bundle","response":"Bundle already exists","service":"movie-upload-service","timestamp":"2025-09-02 21:12:54"}
{"error":"Request failed with status code 409","level":"error","message":"Error creating bundle from local data","service":"movie-upload-service","timestamp":"2025-09-02 21:12:54"}
{"level":"info","message":"Initializing BlobServiceClient with connection string","service":"movie-upload-service","timestamp":"2025-09-02 21:13:41"}
{"container":"content","level":"info","message":"Successfully initialized BlobStorageService","service":"movie-upload-service","timestamp":"2025-09-02 21:13:42"}
{"level":"info","message":"Server is running on port 3005 in development mode","service":"movie-upload-service","timestamp":"2025-09-02 21:13:42"}
{"error":"Request failed with status code 409","level":"error","message":"Error creating bundle","response":"Bundle already exists","service":"movie-upload-service","timestamp":"2025-09-02 21:13:55"}
{"error":"Request failed with status code 409","level":"error","message":"Error creating bundle from local data","service":"movie-upload-service","timestamp":"2025-09-02 21:13:55"}
{"error":"Request failed with status code 409","level":"error","message":"Error creating bundle","response":"Bundle already exists","service":"movie-upload-service","timestamp":"2025-09-02 21:13:56"}
{"error":"Request failed with status code 409","level":"error","message":"Error creating bundle from local data","service":"movie-upload-service","timestamp":"2025-09-02 21:13:56"}
{"error":"Request failed with status code 409","level":"error","message":"Error creating bundle","response":"Bundle already exists","service":"movie-upload-service","timestamp":"2025-09-02 21:13:57"}
{"error":"Request failed with status code 409","level":"error","message":"Error creating bundle from local data","service":"movie-upload-service","timestamp":"2025-09-02 21:13:57"}
{"level":"info","message":"Initializing BlobServiceClient with connection string","service":"movie-upload-service","timestamp":"2025-09-02 21:19:04"}
{"container":"content","level":"info","message":"Successfully initialized BlobStorageService","service":"movie-upload-service","timestamp":"2025-09-02 21:19:06"}
{"level":"info","message":"Server is running on port 3005 in development mode","service":"movie-upload-service","timestamp":"2025-09-02 21:19:06"}
{"level":"info","message":"Initializing BlobServiceClient with connection string","service":"movie-upload-service","timestamp":"2025-09-02 21:19:22"}
{"container":"content","level":"info","message":"Successfully initialized BlobStorageService","service":"movie-upload-service","timestamp":"2025-09-02 21:19:23"}
{"level":"info","message":"Initializing BlobServiceClient with connection string","service":"movie-upload-service","timestamp":"2025-09-02 21:20:22"}
{"container":"content","level":"info","message":"Successfully initialized BlobStorageService","service":"movie-upload-service","timestamp":"2025-09-02 21:20:23"}
{"level":"info","message":"Initializing BlobServiceClient with connection string","service":"movie-upload-service","timestamp":"2025-09-02 21:21:47"}
{"container":"content","level":"info","message":"Successfully initialized BlobStorageService","service":"movie-upload-service","timestamp":"2025-09-02 21:21:50"}
{"level":"info","message":"Server is running on port 3005 in development mode","service":"movie-upload-service","timestamp":"2025-09-02 21:21:50"}
{"error":"Request failed with status code 409","level":"error","message":"Error creating bundle","response":"Bundle already exists","service":"movie-upload-service","timestamp":"2025-09-02 21:22:21"}
{"error":"Request failed with status code 409","level":"error","message":"Error creating bundle from local data","service":"movie-upload-service","timestamp":"2025-09-02 21:22:21"}
{"error":"Request failed with status code 409","level":"error","message":"Error creating bundle","response":"Bundle already exists","service":"movie-upload-service","timestamp":"2025-09-02 21:22:22"}
{"error":"Request failed with status code 409","level":"error","message":"Error creating bundle from local data","service":"movie-upload-service","timestamp":"2025-09-02 21:22:22"}
{"error":"Request failed with status code 409","level":"error","message":"Error creating bundle","response":"Bundle already exists","service":"movie-upload-service","timestamp":"2025-09-02 21:22:23"}
{"error":"Request failed with status code 409","level":"error","message":"Error creating bundle from local data","service":"movie-upload-service","timestamp":"2025-09-02 21:22:23"}
{"level":"info","message":"Initializing BlobServiceClient with connection string","service":"movie-upload-service","timestamp":"2025-09-02 23:40:09"}
{"level":"info","message":"Initializing BlobServiceClient with connection string","service":"movie-upload-service","timestamp":"2025-09-02 23:40:09"}
{"level":"info","message":"Initializing BlobServiceClient with connection string","service":"movie-upload-service","timestamp":"2025-09-02 23:40:09"}
{"level":"info","message":"Initializing BlobServiceClient with connection string","service":"movie-upload-service","timestamp":"2025-09-02 23:40:09"}
{"level":"info","message":"Initializing BlobServiceClient with connection string","service":"movie-upload-service","timestamp":"2025-09-02 23:40:09"}
{"container":"content","level":"info","message":"Successfully initialized BlobStorageService","service":"movie-upload-service","timestamp":"2025-09-02 23:40:11"}
{"level":"info","message":"Server is running on port 3005 in development mode","service":"movie-upload-service","timestamp":"2025-09-02 23:40:11"}
{"container":"content","level":"info","message":"Successfully initialized BlobStorageService","service":"movie-upload-service","timestamp":"2025-09-02 23:40:11"}
{"container":"content","level":"info","message":"Successfully initialized BlobStorageService","service":"movie-upload-service","timestamp":"2025-09-02 23:40:11"}
{"container":"content","level":"info","message":"Successfully initialized BlobStorageService","service":"movie-upload-service","timestamp":"2025-09-02 23:40:11"}
{"container":"content","level":"info","message":"Successfully initialized BlobStorageService","service":"movie-upload-service","timestamp":"2025-09-02 23:40:12"}
{"bundleId":"0126df29564f1b64c0cb5d70378bddbeacde6f01bca1034a853cb53f8fa189e8","bundleName":"ALineofFire","level":"info","message":"Bundle created successfully","service":"movie-upload-service","timestamp":"2025-09-02 23:40:23"}
{"bundleId":"0126df29564f1b64c0cb5d70378bddbeacde6f01bca1034a853cb53f8fa189e8","bundleVersion":"1.0.0","level":"info","message":"Retrieved SAS token","service":"movie-upload-service","timestamp":"2025-09-02 23:40:24"}
{"level":"info","message":"Initializing BlobServiceClient with connection string","service":"movie-upload-service","timestamp":"2025-09-02 23:41:13"}
{"level":"info","message":"Initializing BlobServiceClient with connection string","service":"movie-upload-service","timestamp":"2025-09-02 23:41:13"}
{"level":"info","message":"Initializing BlobServiceClient with connection string","service":"movie-upload-service","timestamp":"2025-09-02 23:41:13"}
{"level":"info","message":"Initializing BlobServiceClient with connection string","service":"movie-upload-service","timestamp":"2025-09-02 23:41:13"}
{"level":"info","message":"Initializing BlobServiceClient with connection string","service":"movie-upload-service","timestamp":"2025-09-02 23:41:13"}
{"container":"content","level":"info","message":"Successfully initialized BlobStorageService","service":"movie-upload-service","timestamp":"2025-09-02 23:41:14"}
{"level":"info","message":"Server is running on port 3005 in development mode","service":"movie-upload-service","timestamp":"2025-09-02 23:41:14"}
{"container":"content","level":"info","message":"Successfully initialized BlobStorageService","service":"movie-upload-service","timestamp":"2025-09-02 23:41:14"}
{"container":"content","level":"info","message":"Successfully initialized BlobStorageService","service":"movie-upload-service","timestamp":"2025-09-02 23:41:14"}
{"container":"content","level":"info","message":"Successfully initialized BlobStorageService","service":"movie-upload-service","timestamp":"2025-09-02 23:41:14"}
{"container":"content","level":"info","message":"Successfully initialized BlobStorageService","service":"movie-upload-service","timestamp":"2025-09-02 23:41:16"}
{"level":"info","message":"Initializing BlobServiceClient with connection string","service":"movie-upload-service","timestamp":"2025-09-02 23:41:31"}
{"level":"info","message":"Initializing BlobServiceClient with connection string","service":"movie-upload-service","timestamp":"2025-09-02 23:41:31"}
{"level":"info","message":"Initializing BlobServiceClient with connection string","service":"movie-upload-service","timestamp":"2025-09-02 23:41:31"}
{"level":"info","message":"Initializing BlobServiceClient with connection string","service":"movie-upload-service","timestamp":"2025-09-02 23:41:31"}
{"level":"info","message":"Initializing BlobServiceClient with connection string","service":"movie-upload-service","timestamp":"2025-09-02 23:41:31"}
{"container":"content","level":"info","message":"Successfully initialized BlobStorageService","service":"movie-upload-service","timestamp":"2025-09-02 23:41:32"}
{"level":"info","message":"Server is running on port 3005 in development mode","service":"movie-upload-service","timestamp":"2025-09-02 23:41:32"}
{"container":"content","level":"info","message":"Successfully initialized BlobStorageService","service":"movie-upload-service","timestamp":"2025-09-02 23:41:32"}
{"container":"content","level":"info","message":"Successfully initialized BlobStorageService","service":"movie-upload-service","timestamp":"2025-09-02 23:41:32"}
{"container":"content","level":"info","message":"Successfully initialized BlobStorageService","service":"movie-upload-service","timestamp":"2025-09-02 23:41:32"}
{"container":"content","level":"info","message":"Successfully initialized BlobStorageService","service":"movie-upload-service","timestamp":"2025-09-02 23:41:32"}
{"level":"info","message":"Initializing BlobServiceClient with connection string","service":"movie-upload-service","timestamp":"2025-09-02 23:44:25"}
{"level":"info","message":"Initializing BlobServiceClient with connection string","service":"movie-upload-service","timestamp":"2025-09-02 23:44:25"}
{"level":"info","message":"Initializing BlobServiceClient with connection string","service":"movie-upload-service","timestamp":"2025-09-02 23:44:25"}
{"level":"info","message":"Initializing BlobServiceClient with connection string","service":"movie-upload-service","timestamp":"2025-09-02 23:44:25"}
{"level":"info","message":"Initializing BlobServiceClient with connection string","service":"movie-upload-service","timestamp":"2025-09-02 23:44:25"}
{"container":"content","level":"info","message":"Successfully initialized BlobStorageService","service":"movie-upload-service","timestamp":"2025-09-02 23:44:26"}
{"container":"content","level":"info","message":"Successfully initialized BlobStorageService","service":"movie-upload-service","timestamp":"2025-09-02 23:44:26"}
{"level":"info","message":"Server is running on port 3005 in development mode","service":"movie-upload-service","timestamp":"2025-09-02 23:44:26"}
{"container":"content","level":"info","message":"Successfully initialized BlobStorageService","service":"movie-upload-service","timestamp":"2025-09-02 23:44:26"}
{"container":"content","level":"info","message":"Successfully initialized BlobStorageService","service":"movie-upload-service","timestamp":"2025-09-02 23:44:26"}
{"container":"content","level":"info","message":"Successfully initialized BlobStorageService","service":"movie-upload-service","timestamp":"2025-09-02 23:44:26"}
{"bundleId":"116a3a0dfd10e87a18c9470542e1618a79c07a9a018148b6ff70f69c8e668d89","bundleName":"TheLifeofChucksTest","level":"info","message":"Bundle created successfully","service":"movie-upload-service","timestamp":"2025-09-02 23:44:53"}
{"bundleId":"116a3a0dfd10e87a18c9470542e1618a79c07a9a018148b6ff70f69c8e668d89","bundleVersion":"2.0","level":"info","message":"Retrieved SAS token","service":"movie-upload-service","timestamp":"2025-09-02 23:44:54"}
<<<<<<< HEAD
{"error":"Request failed with status code 409","level":"error","message":"Error creating bundle","response":"Bundle already exists","service":"movie-upload-service","timestamp":"2025-09-02 23:57:12"}
{"error":"Request failed with status code 409","level":"error","message":"Error creating bundle from local data","service":"movie-upload-service","timestamp":"2025-09-02 23:57:12"}
{"error":"Request failed with status code 409","level":"error","message":"Error creating bundle","response":"Bundle already exists","service":"movie-upload-service","timestamp":"2025-09-02 23:57:13"}
{"error":"Request failed with status code 409","level":"error","message":"Error creating bundle from local data","service":"movie-upload-service","timestamp":"2025-09-02 23:57:13"}
{"error":"Request failed with status code 409","level":"error","message":"Error creating bundle","response":"Bundle already exists","service":"movie-upload-service","timestamp":"2025-09-02 23:57:15"}
{"error":"Request failed with status code 409","level":"error","message":"Error creating bundle from local data","service":"movie-upload-service","timestamp":"2025-09-02 23:57:15"}
{"level":"info","message":"Initializing BlobServiceClient with connection string","service":"movie-upload-service","timestamp":"2025-09-02 23:57:55"}
{"level":"info","message":"Initializing BlobServiceClient with connection string","service":"movie-upload-service","timestamp":"2025-09-02 23:57:55"}
{"level":"info","message":"Initializing BlobServiceClient with connection string","service":"movie-upload-service","timestamp":"2025-09-02 23:57:55"}
{"level":"info","message":"Initializing BlobServiceClient with connection string","service":"movie-upload-service","timestamp":"2025-09-02 23:57:55"}
{"level":"info","message":"Initializing BlobServiceClient with connection string","service":"movie-upload-service","timestamp":"2025-09-02 23:57:55"}
{"container":"content","level":"info","message":"Successfully initialized BlobStorageService","service":"movie-upload-service","timestamp":"2025-09-02 23:57:57"}
{"level":"info","message":"Server is running on port 3005 in development mode","service":"movie-upload-service","timestamp":"2025-09-02 23:57:57"}
{"container":"content","level":"info","message":"Successfully initialized BlobStorageService","service":"movie-upload-service","timestamp":"2025-09-02 23:57:57"}
{"container":"content","level":"info","message":"Successfully initialized BlobStorageService","service":"movie-upload-service","timestamp":"2025-09-02 23:57:57"}
{"container":"content","level":"info","message":"Successfully initialized BlobStorageService","service":"movie-upload-service","timestamp":"2025-09-02 23:57:57"}
{"container":"content","level":"info","message":"Successfully initialized BlobStorageService","service":"movie-upload-service","timestamp":"2025-09-02 23:57:57"}
{"level":"info","message":"Initializing BlobServiceClient with connection string","service":"movie-upload-service","timestamp":"2025-09-02 23:59:00"}
{"level":"info","message":"Initializing BlobServiceClient with connection string","service":"movie-upload-service","timestamp":"2025-09-02 23:59:00"}
{"level":"info","message":"Initializing BlobServiceClient with connection string","service":"movie-upload-service","timestamp":"2025-09-02 23:59:00"}
{"level":"info","message":"Initializing BlobServiceClient with connection string","service":"movie-upload-service","timestamp":"2025-09-02 23:59:00"}
{"level":"info","message":"Initializing BlobServiceClient with connection string","service":"movie-upload-service","timestamp":"2025-09-02 23:59:00"}
{"container":"content","level":"info","message":"Successfully initialized BlobStorageService","service":"movie-upload-service","timestamp":"2025-09-02 23:59:01"}
{"level":"info","message":"Server is running on port 3005 in development mode","service":"movie-upload-service","timestamp":"2025-09-02 23:59:01"}
{"container":"content","level":"info","message":"Successfully initialized BlobStorageService","service":"movie-upload-service","timestamp":"2025-09-02 23:59:02"}
{"container":"content","level":"info","message":"Successfully initialized BlobStorageService","service":"movie-upload-service","timestamp":"2025-09-02 23:59:02"}
{"container":"content","level":"info","message":"Successfully initialized BlobStorageService","service":"movie-upload-service","timestamp":"2025-09-02 23:59:02"}
{"container":"content","level":"info","message":"Successfully initialized BlobStorageService","service":"movie-upload-service","timestamp":"2025-09-02 23:59:02"}
{"level":"info","message":"Initializing BlobServiceClient with connection string","service":"movie-upload-service","timestamp":"2025-09-02 23:59:04"}
{"level":"info","message":"Initializing BlobServiceClient with connection string","service":"movie-upload-service","timestamp":"2025-09-02 23:59:04"}
{"level":"info","message":"Initializing BlobServiceClient with connection string","service":"movie-upload-service","timestamp":"2025-09-02 23:59:04"}
{"level":"info","message":"Initializing BlobServiceClient with connection string","service":"movie-upload-service","timestamp":"2025-09-02 23:59:04"}
{"level":"info","message":"Initializing BlobServiceClient with connection string","service":"movie-upload-service","timestamp":"2025-09-02 23:59:04"}
{"container":"content","level":"info","message":"Successfully initialized BlobStorageService","service":"movie-upload-service","timestamp":"2025-09-02 23:59:05"}
{"level":"info","message":"Server is running on port 3005 in development mode","service":"movie-upload-service","timestamp":"2025-09-02 23:59:05"}
{"container":"content","level":"info","message":"Successfully initialized BlobStorageService","service":"movie-upload-service","timestamp":"2025-09-02 23:59:05"}
{"container":"content","level":"info","message":"Successfully initialized BlobStorageService","service":"movie-upload-service","timestamp":"2025-09-02 23:59:05"}
{"container":"content","level":"info","message":"Successfully initialized BlobStorageService","service":"movie-upload-service","timestamp":"2025-09-02 23:59:05"}
{"container":"content","level":"info","message":"Successfully initialized BlobStorageService","service":"movie-upload-service","timestamp":"2025-09-02 23:59:05"}
{"bundleId":"116a3a0dfd10e87a18c9470542e1618a79c07a9a018148b6ff70f69c8e668d89","bundleName":"TheLifeofChucksTest","level":"info","message":"Bundle created successfully","service":"movie-upload-service","timestamp":"2025-09-02 23:59:13"}
{"bundleId":"116a3a0dfd10e87a18c9470542e1618a79c07a9a018148b6ff70f69c8e668d89","bundleVersion":"2.0","level":"info","message":"Retrieved SAS token","service":"movie-upload-service","timestamp":"2025-09-02 23:59:14"}
=======
{"level":"info","message":"Initializing BlobServiceClient with connection string","service":"movie-upload-service","timestamp":"2025-09-03 16:37:43"}
{"container":"content","level":"info","message":"Successfully initialized BlobStorageService","service":"movie-upload-service","timestamp":"2025-09-03 16:37:45"}
{"level":"info","message":"Server is running on port 3005 in development mode","service":"movie-upload-service","timestamp":"2025-09-03 16:37:45"}
{"bundleId":"116a3a0dfd10e87a18c9470542e1618a79c07a9a018148b6ff70f69c8e668d89","bundleName":"TheLifeofChucksTest","level":"info","message":"Bundle created successfully","service":"movie-upload-service","timestamp":"2025-09-03 16:37:52"}
{"bundleId":"116a3a0dfd10e87a18c9470542e1618a79c07a9a018148b6ff70f69c8e668d89","bundleVersion":"2.0","level":"info","message":"Retrieved SAS token","service":"movie-upload-service","timestamp":"2025-09-03 16:37:52"}
{"level":"info","message":"Initializing BlobServiceClient with connection string","service":"movie-upload-service","timestamp":"2025-09-03 16:40:46"}
{"container":"content","level":"info","message":"Successfully initialized BlobStorageService","service":"movie-upload-service","timestamp":"2025-09-03 16:40:47"}
{"level":"info","message":"Server is running on port 3005 in development mode","service":"movie-upload-service","timestamp":"2025-09-03 16:40:47"}
{"error":"Request failed with status code 409","level":"error","message":"Error creating bundle","response":"Bundle already exists","service":"movie-upload-service","timestamp":"2025-09-03 16:40:50"}
{"error":"Request failed with status code 409","level":"error","message":"Error creating bundle from local data","service":"movie-upload-service","timestamp":"2025-09-03 16:40:50"}
{"error":"Request failed with status code 409","level":"error","message":"Error creating bundle","response":"Bundle already exists","service":"movie-upload-service","timestamp":"2025-09-03 16:40:50"}
{"error":"Request failed with status code 409","level":"error","message":"Error creating bundle from local data","service":"movie-upload-service","timestamp":"2025-09-03 16:40:50"}
{"error":"Request failed with status code 409","level":"error","message":"Error creating bundle","response":"Bundle already exists","service":"movie-upload-service","timestamp":"2025-09-03 16:40:50"}
{"error":"Request failed with status code 409","level":"error","message":"Error creating bundle from local data","service":"movie-upload-service","timestamp":"2025-09-03 16:40:50"}
{"bundleId":"116a3a0dfd10e87a18c9470542e1618a79c07a9a018148b6ff70f69c8e668d89","bundleName":"TheLifeofChucksTest","level":"info","message":"Bundle created successfully","service":"movie-upload-service","timestamp":"2025-09-03 16:41:14"}
{"bundleId":"116a3a0dfd10e87a18c9470542e1618a79c07a9a018148b6ff70f69c8e668d89","bundleVersion":"2.0","level":"info","message":"Retrieved SAS token","service":"movie-upload-service","timestamp":"2025-09-03 16:41:15"}
{"bundleId":"116a3a0dfd10e87a18c9470542e1618a79c07a9a018148b6ff70f69c8e668d89","bundleVersion":"2.0","level":"info","message":"Bundle updated after upload","service":"movie-upload-service","timestamp":"2025-09-03 16:41:15"}
{"bundleId":"116a3a0dfd10e87a18c9470542e1618a79c07a9a018148b6ff70f69c8e668d89","bundleVersion":"2.0","level":"info","message":"Bundle validation initiated","service":"movie-upload-service","timestamp":"2025-09-03 16:41:15"}
{"level":"info","message":"Initializing BlobServiceClient with connection string","service":"movie-upload-service","timestamp":"2025-09-03 16:53:04"}
{"container":"content","level":"info","message":"Successfully initialized BlobStorageService","service":"movie-upload-service","timestamp":"2025-09-03 16:53:05"}
{"level":"info","message":"Server is running on port 3005 in development mode","service":"movie-upload-service","timestamp":"2025-09-03 16:53:05"}
{"level":"info","message":"Initializing BlobServiceClient with connection string","service":"movie-upload-service","timestamp":"2025-09-03 16:53:08"}
{"container":"content","level":"info","message":"Successfully initialized BlobStorageService","service":"movie-upload-service","timestamp":"2025-09-03 16:53:09"}
{"level":"info","message":"Server is running on port 3005 in development mode","service":"movie-upload-service","timestamp":"2025-09-03 16:53:09"}
{"error":"Request failed with status code 409","level":"error","message":"Error creating bundle","response":"Bundle already exists","service":"movie-upload-service","timestamp":"2025-09-03 16:53:43"}
{"error":"Request failed with status code 409","level":"error","message":"Error creating bundle from local data","service":"movie-upload-service","timestamp":"2025-09-03 16:53:43"}
{"error":"Request failed with status code 409","level":"error","message":"Error creating bundle","response":"Bundle already exists","service":"movie-upload-service","timestamp":"2025-09-03 16:53:43"}
{"error":"Request failed with status code 409","level":"error","message":"Error creating bundle from local data","service":"movie-upload-service","timestamp":"2025-09-03 16:53:43"}
{"error":"Request failed with status code 409","level":"error","message":"Error creating bundle","response":"Bundle already exists","service":"movie-upload-service","timestamp":"2025-09-03 16:53:43"}
{"error":"Request failed with status code 409","level":"error","message":"Error creating bundle from local data","service":"movie-upload-service","timestamp":"2025-09-03 16:53:43"}
{"bundleId":"116a3a0dfd10e87a18c9470542e1618a79c07a9a018148b6ff70f69c8e668d89","bundleName":"TheLifeofChucksTest","level":"info","message":"Bundle created successfully","service":"movie-upload-service","timestamp":"2025-09-03 16:54:27"}
{"bundleId":"116a3a0dfd10e87a18c9470542e1618a79c07a9a018148b6ff70f69c8e668d89","bundleVersion":"2.0","level":"info","message":"Retrieved SAS token","service":"movie-upload-service","timestamp":"2025-09-03 16:54:28"}
{"bundleId":"116a3a0dfd10e87a18c9470542e1618a79c07a9a018148b6ff70f69c8e668d89","bundleName":"TheLifeofChucksTest","level":"info","message":"Bundle created successfully","service":"movie-upload-service","timestamp":"2025-09-03 16:56:43"}
{"bundleId":"116a3a0dfd10e87a18c9470542e1618a79c07a9a018148b6ff70f69c8e668d89","bundleVersion":"2.0","level":"info","message":"Retrieved SAS token","service":"movie-upload-service","timestamp":"2025-09-03 16:56:43"}
{"bundleId":"116a3a0dfd10e87a18c9470542e1618a79c07a9a018148b6ff70f69c8e668d89","bundleVersion":"2.0","level":"info","message":"Bundle updated after upload","service":"movie-upload-service","timestamp":"2025-09-03 16:56:48"}
{"bundleId":"116a3a0dfd10e87a18c9470542e1618a79c07a9a018148b6ff70f69c8e668d89","bundleVersion":"2.0","level":"info","message":"Bundle validation initiated","service":"movie-upload-service","timestamp":"2025-09-03 16:56:48"}
{"level":"info","message":"Initializing BlobServiceClient with connection string","service":"movie-upload-service","timestamp":"2025-09-03 17:22:29"}
{"container":"content","level":"info","message":"Successfully initialized BlobStorageService","service":"movie-upload-service","timestamp":"2025-09-03 17:22:31"}
{"level":"info","message":"Server is running on port 3005 in development mode","service":"movie-upload-service","timestamp":"2025-09-03 17:22:31"}
{"bundleId":"116a3a0dfd10e87a18c9470542e1618a79c07a9a018148b6ff70f69c8e668d89","bundleName":"TheLifeofChucksTest","level":"info","message":"Bundle created successfully","service":"movie-upload-service","timestamp":"2025-09-03 17:23:31"}
{"bundleId":"116a3a0dfd10e87a18c9470542e1618a79c07a9a018148b6ff70f69c8e668d89","bundleVersion":"2.0","level":"info","message":"Retrieved SAS token","service":"movie-upload-service","timestamp":"2025-09-03 17:23:31"}
{"bundleId":"116a3a0dfd10e87a18c9470542e1618a79c07a9a018148b6ff70f69c8e668d89","bundleVersion":"2.0","level":"info","message":"Bundle updated after upload","service":"movie-upload-service","timestamp":"2025-09-03 17:23:36"}
{"bundleId":"116a3a0dfd10e87a18c9470542e1618a79c07a9a018148b6ff70f69c8e668d89","bundleVersion":"2.0","level":"info","message":"Bundle validation initiated","service":"movie-upload-service","timestamp":"2025-09-03 17:23:36"}
>>>>>>> 277cfa87a183236160a244a8838018a3efe21796
{"level":"info","message":"Initializing BlobServiceClient with connection string","service":"movie-upload-service","timestamp":"2025-09-08 18:21:51"}
{"container":"content","level":"info","message":"Successfully initialized BlobStorageService","service":"movie-upload-service","timestamp":"2025-09-08 18:21:52"}
{"level":"info","message":"Server is running on port 3005 in development mode","service":"movie-upload-service","timestamp":"2025-09-08 18:21:52"}
{"level":"info","message":"Initializing BlobServiceClient with connection string","service":"movie-upload-service","timestamp":"2025-09-11 19:55:07"}
{"container":"content","level":"info","message":"Successfully initialized BlobStorageService","service":"movie-upload-service","timestamp":"2025-09-11 19:55:08"}
{"level":"info","message":"Server is running on port 3005 in development mode","service":"movie-upload-service","timestamp":"2025-09-11 19:55:08"}
{"level":"info","message":"Initializing BlobServiceClient with connection string","service":"movie-upload-service","timestamp":"2025-09-11 19:55:53"}
{"container":"content","level":"info","message":"Successfully initialized BlobStorageService","service":"movie-upload-service","timestamp":"2025-09-11 19:55:54"}
{"level":"info","message":"Server is running on port 3005 in development mode","service":"movie-upload-service","timestamp":"2025-09-11 19:55:54"}
{"bundleId":"3875f49329ebd4f98ba8724aa5efb1e9af6f398280c5fa7b05cae44b56f68e31","bundleName":"ALineofFire","level":"info","message":"Bundle created successfully","service":"movie-upload-service","timestamp":"2025-09-11 19:56:13"}
{"bundleId":"3875f49329ebd4f98ba8724aa5efb1e9af6f398280c5fa7b05cae44b56f68e31","bundleVersion":"3.0","level":"info","message":"Retrieved SAS token","service":"movie-upload-service","timestamp":"2025-09-11 19:56:13"}
{"bundleId":"3875f49329ebd4f98ba8724aa5efb1e9af6f398280c5fa7b05cae44b56f68e31","bundleVersion":"3.0","level":"info","message":"Bundle updated after upload","service":"movie-upload-service","timestamp":"2025-09-11 19:56:32"}
{"bundleId":"3875f49329ebd4f98ba8724aa5efb1e9af6f398280c5fa7b05cae44b56f68e31","bundleVersion":"3.0","level":"info","message":"Bundle validation initiated","service":"movie-upload-service","timestamp":"2025-09-11 19:56:32"}
{"level":"info","message":"Initializing BlobServiceClient with connection string","service":"movie-upload-service","timestamp":"2025-09-11 19:58:26"}
{"container":"content","level":"info","message":"Successfully initialized BlobStorageService","service":"movie-upload-service","timestamp":"2025-09-11 19:58:27"}
{"level":"info","message":"Server is running on port 3005 in development mode","service":"movie-upload-service","timestamp":"2025-09-11 19:58:27"}
{"bundleId":"fe2fcad0aff70a22bc91630f9cfeccb6aaa90cb92bfb58d3f3aabad3b437ca10","bundleName":"FreakierFriday","level":"info","message":"Bundle created successfully","service":"movie-upload-service","timestamp":"2025-09-11 19:58:33"}
{"bundleId":"fe2fcad0aff70a22bc91630f9cfeccb6aaa90cb92bfb58d3f3aabad3b437ca10","bundleVersion":"1.0","level":"info","message":"Retrieved SAS token","service":"movie-upload-service","timestamp":"2025-09-11 19:58:34"}
{"bundleId":"fe2fcad0aff70a22bc91630f9cfeccb6aaa90cb92bfb58d3f3aabad3b437ca10","bundleVersion":"1.0","level":"info","message":"Bundle updated after upload","service":"movie-upload-service","timestamp":"2025-09-11 19:58:41"}
{"bundleId":"fe2fcad0aff70a22bc91630f9cfeccb6aaa90cb92bfb58d3f3aabad3b437ca10","bundleVersion":"1.0","level":"info","message":"Bundle validation initiated","service":"movie-upload-service","timestamp":"2025-09-11 19:58:41"}
{"level":"info","message":"Initializing BlobServiceClient with connection string","service":"movie-upload-service","timestamp":"2025-09-11 19:59:37"}
{"container":"content","level":"info","message":"Successfully initialized BlobStorageService","service":"movie-upload-service","timestamp":"2025-09-11 19:59:38"}
{"level":"info","message":"Server is running on port 3005 in development mode","service":"movie-upload-service","timestamp":"2025-09-11 19:59:38"}
{"bundleId":"fe2fcad0aff70a22bc91630f9cfeccb6aaa90cb92bfb58d3f3aabad3b437ca10","bundleName":"FreakierFriday","level":"info","message":"Bundle created successfully","service":"movie-upload-service","timestamp":"2025-09-11 20:04:07"}
{"bundleId":"fe2fcad0aff70a22bc91630f9cfeccb6aaa90cb92bfb58d3f3aabad3b437ca10","bundleVersion":"1.0","level":"info","message":"Retrieved SAS token","service":"movie-upload-service","timestamp":"2025-09-11 20:04:07"}
{"bundleId":"fe2fcad0aff70a22bc91630f9cfeccb6aaa90cb92bfb58d3f3aabad3b437ca10","bundleVersion":"1.0","level":"info","message":"Bundle updated after upload","service":"movie-upload-service","timestamp":"2025-09-11 20:04:14"}
{"bundleId":"fe2fcad0aff70a22bc91630f9cfeccb6aaa90cb92bfb58d3f3aabad3b437ca10","bundleVersion":"1.0","level":"info","message":"Bundle validation initiated","service":"movie-upload-service","timestamp":"2025-09-11 20:04:15"}
{"error":"Request failed with status code 409","level":"error","message":"Error creating bundle","response":"Bundle already exists","service":"movie-upload-service","timestamp":"2025-09-11 20:04:58"}
{"error":"Request failed with status code 409","level":"error","message":"Error creating bundle from local data","service":"movie-upload-service","timestamp":"2025-09-11 20:04:58"}
{"error":"Request failed with status code 409","level":"error","message":"Error creating bundle","response":"Bundle already exists","service":"movie-upload-service","timestamp":"2025-09-11 20:04:58"}
{"error":"Request failed with status code 409","level":"error","message":"Error creating bundle from local data","service":"movie-upload-service","timestamp":"2025-09-11 20:04:58"}
{"error":"Request failed with status code 409","level":"error","message":"Error creating bundle","response":"Bundle already exists","service":"movie-upload-service","timestamp":"2025-09-11 20:04:58"}
{"error":"Request failed with status code 409","level":"error","message":"Error creating bundle from local data","service":"movie-upload-service","timestamp":"2025-09-11 20:04:58"}
{"level":"info","message":"Initializing BlobServiceClient with connection string","service":"movie-upload-service","timestamp":"2025-09-11 20:05:06"}
{"container":"content","level":"info","message":"Successfully initialized BlobStorageService","service":"movie-upload-service","timestamp":"2025-09-11 20:05:07"}
{"level":"info","message":"Server is running on port 3005 in development mode","service":"movie-upload-service","timestamp":"2025-09-11 20:05:07"}
{"bundleId":"35de93442f134d38a7ab2df080055af7260b12b862d4728ead8b27e002b75cc9","bundleName":"ANiceIndianBoy","level":"info","message":"Bundle created successfully","service":"movie-upload-service","timestamp":"2025-09-11 20:05:09"}
{"bundleId":"35de93442f134d38a7ab2df080055af7260b12b862d4728ead8b27e002b75cc9","bundleVersion":"2.0","level":"info","message":"Retrieved SAS token","service":"movie-upload-service","timestamp":"2025-09-11 20:05:09"}
{"bundleId":"35de93442f134d38a7ab2df080055af7260b12b862d4728ead8b27e002b75cc9","bundleVersion":"2.0","level":"info","message":"Bundle updated after upload","service":"movie-upload-service","timestamp":"2025-09-11 20:05:29"}
{"bundleId":"35de93442f134d38a7ab2df080055af7260b12b862d4728ead8b27e002b75cc9","bundleVersion":"2.0","level":"info","message":"Bundle validation initiated","service":"movie-upload-service","timestamp":"2025-09-11 20:05:29"}
{"level":"info","message":"Initializing BlobServiceClient with connection string","service":"movie-upload-service","timestamp":"2025-09-11 20:07:06"}
{"container":"content","level":"info","message":"Successfully initialized BlobStorageService","service":"movie-upload-service","timestamp":"2025-09-11 20:07:07"}
{"level":"info","message":"Server is running on port 3005 in development mode","service":"movie-upload-service","timestamp":"2025-09-11 20:07:07"}
{"bundleId":"c3ceef084b0db0d7e7b7c015354c7916089a72e88a733eeaa21cd236de55abfc","bundleName":"JurassicWorldRebirth","level":"info","message":"Bundle created successfully","service":"movie-upload-service","timestamp":"2025-09-11 20:07:09"}
{"bundleId":"c3ceef084b0db0d7e7b7c015354c7916089a72e88a733eeaa21cd236de55abfc","bundleVersion":"1.0","level":"info","message":"Retrieved SAS token","service":"movie-upload-service","timestamp":"2025-09-11 20:07:09"}
{"bundleId":"c3ceef084b0db0d7e7b7c015354c7916089a72e88a733eeaa21cd236de55abfc","bundleVersion":"1.0","level":"info","message":"Bundle updated after upload","service":"movie-upload-service","timestamp":"2025-09-11 20:07:14"}
{"bundleId":"c3ceef084b0db0d7e7b7c015354c7916089a72e88a733eeaa21cd236de55abfc","bundleVersion":"1.0","level":"info","message":"Bundle validation initiated","service":"movie-upload-service","timestamp":"2025-09-11 20:07:14"}
{"level":"info","message":"Initializing BlobServiceClient with connection string","service":"movie-upload-service","timestamp":"2025-09-11 20:07:56"}
{"container":"content","level":"info","message":"Successfully initialized BlobStorageService","service":"movie-upload-service","timestamp":"2025-09-11 20:07:57"}
{"level":"info","message":"Server is running on port 3005 in development mode","service":"movie-upload-service","timestamp":"2025-09-11 20:07:57"}
{"bundleId":"c1eff55394ebe0fc770e797cfb4aa2b9024809dbb4547533ee346ca4d31110d7","bundleName":"Superman","level":"info","message":"Bundle created successfully","service":"movie-upload-service","timestamp":"2025-09-11 20:07:59"}
{"bundleId":"c1eff55394ebe0fc770e797cfb4aa2b9024809dbb4547533ee346ca4d31110d7","bundleVersion":"1.0","level":"info","message":"Retrieved SAS token","service":"movie-upload-service","timestamp":"2025-09-11 20:07:59"}
{"bundleId":"c1eff55394ebe0fc770e797cfb4aa2b9024809dbb4547533ee346ca4d31110d7","bundleVersion":"1.0","level":"info","message":"Bundle updated after upload","service":"movie-upload-service","timestamp":"2025-09-11 20:08:03"}
{"bundleId":"c1eff55394ebe0fc770e797cfb4aa2b9024809dbb4547533ee346ca4d31110d7","bundleVersion":"1.0","level":"info","message":"Bundle validation initiated","service":"movie-upload-service","timestamp":"2025-09-11 20:08:04"}
{"level":"info","message":"Initializing BlobServiceClient with connection string","service":"movie-upload-service","timestamp":"2025-09-11 20:08:32"}
{"container":"content","level":"info","message":"Successfully initialized BlobStorageService","service":"movie-upload-service","timestamp":"2025-09-11 20:08:33"}
{"level":"info","message":"Server is running on port 3005 in development mode","service":"movie-upload-service","timestamp":"2025-09-11 20:08:33"}
{"level":"info","message":"Initializing BlobServiceClient with connection string","service":"movie-upload-service","timestamp":"2025-09-11 20:08:42"}
{"container":"content","level":"info","message":"Successfully initialized BlobStorageService","service":"movie-upload-service","timestamp":"2025-09-11 20:08:43"}
{"level":"info","message":"Server is running on port 3005 in development mode","service":"movie-upload-service","timestamp":"2025-09-11 20:08:43"}
{"bundleId":"d8dd889629181d141a8fddd926dc0416fc2bf2fd680b5f0f691acd73c81af0c0","bundleName":"TheLifeofChuck","level":"info","message":"Bundle created successfully","service":"movie-upload-service","timestamp":"2025-09-11 20:08:45"}
{"bundleId":"d8dd889629181d141a8fddd926dc0416fc2bf2fd680b5f0f691acd73c81af0c0","bundleVersion":"2.0","level":"info","message":"Retrieved SAS token","service":"movie-upload-service","timestamp":"2025-09-11 20:08:45"}
{"bundleId":"d8dd889629181d141a8fddd926dc0416fc2bf2fd680b5f0f691acd73c81af0c0","bundleVersion":"2.0","level":"info","message":"Bundle updated after upload","service":"movie-upload-service","timestamp":"2025-09-11 20:09:02"}
{"bundleId":"d8dd889629181d141a8fddd926dc0416fc2bf2fd680b5f0f691acd73c81af0c0","bundleVersion":"2.0","level":"info","message":"Bundle validation initiated","service":"movie-upload-service","timestamp":"2025-09-11 20:09:03"}
{"level":"info","message":"Initializing BlobServiceClient with connection string","service":"movie-upload-service","timestamp":"2025-09-12 21:21:35"}
{"container":"content","level":"info","message":"Successfully initialized BlobStorageService","service":"movie-upload-service","timestamp":"2025-09-12 21:21:40"}
{"level":"info","message":"Server is running on port 3005 in development mode","service":"movie-upload-service","timestamp":"2025-09-12 21:21:40"}
{"level":"info","message":"Initializing BlobServiceClient with connection string","service":"movie-upload-service","timestamp":"2025-09-12 21:30:08"}
{"container":"content","level":"info","message":"Successfully initialized BlobStorageService","service":"movie-upload-service","timestamp":"2025-09-12 21:30:11"}
{"level":"info","message":"Server is running on port 3005 in development mode","service":"movie-upload-service","timestamp":"2025-09-12 21:30:11"}
{"level":"info","message":"Initializing BlobServiceClient with connection string","service":"movie-upload-service","timestamp":"2025-09-12 21:31:57"}
{"container":"content","level":"info","message":"Successfully initialized BlobStorageService","service":"movie-upload-service","timestamp":"2025-09-12 21:31:59"}
{"level":"info","message":"Server is running on port 3005 in development mode","service":"movie-upload-service","timestamp":"2025-09-12 21:31:59"}
{"level":"info","message":"Initializing BlobServiceClient with connection string","service":"movie-upload-service","timestamp":"2025-09-12 21:32:45"}
{"container":"content","level":"info","message":"Successfully initialized BlobStorageService","service":"movie-upload-service","timestamp":"2025-09-12 21:32:46"}
{"level":"info","message":"Server is running on port 3005 in development mode","service":"movie-upload-service","timestamp":"2025-09-12 21:32:46"}
{"level":"info","message":"Initializing BlobServiceClient with connection string","service":"movie-upload-service","timestamp":"2025-09-12 21:33:13"}
{"container":"content","level":"info","message":"Successfully initialized BlobStorageService","service":"movie-upload-service","timestamp":"2025-09-12 21:33:16"}
{"level":"info","message":"Server is running on port 3005 in development mode","service":"movie-upload-service","timestamp":"2025-09-12 21:33:16"}
{"level":"info","message":"Initializing BlobServiceClient with connection string","service":"movie-upload-service","timestamp":"2025-09-12 21:33:46"}
{"container":"content","level":"info","message":"Successfully initialized BlobStorageService","service":"movie-upload-service","timestamp":"2025-09-12 21:33:47"}
{"level":"info","message":"Server is running on port 3005 in development mode","service":"movie-upload-service","timestamp":"2025-09-12 21:33:47"}
{"level":"info","message":"Initializing BlobServiceClient with connection string","service":"movie-upload-service","timestamp":"2025-09-12 21:34:10"}
{"container":"content","level":"info","message":"Successfully initialized BlobStorageService","service":"movie-upload-service","timestamp":"2025-09-12 21:34:11"}
{"level":"info","message":"Server is running on port 3005 in development mode","service":"movie-upload-service","timestamp":"2025-09-12 21:34:11"}
{"level":"info","message":"Initializing BlobServiceClient with connection string","service":"movie-upload-service","timestamp":"2025-09-12 21:35:12"}
{"container":"content","level":"info","message":"Successfully initialized BlobStorageService","service":"movie-upload-service","timestamp":"2025-09-12 21:35:13"}
{"level":"info","message":"Server is running on port 3005 in development mode","service":"movie-upload-service","timestamp":"2025-09-12 21:35:13"}
{"level":"info","message":"Initializing BlobServiceClient with connection string","service":"movie-upload-service","timestamp":"2025-09-12 21:37:49"}
{"container":"content","level":"info","message":"Successfully initialized BlobStorageService","service":"movie-upload-service","timestamp":"2025-09-12 21:37:50"}
{"level":"info","message":"Server is running on port 3005 in development mode","service":"movie-upload-service","timestamp":"2025-09-12 21:37:50"}
{"bundleId":"d8dd889629181d141a8fddd926dc0416fc2bf2fd680b5f0f691acd73c81af0c0","bundleName":"TheLifeofChuck","level":"info","message":"Bundle created successfully","service":"movie-upload-service","timestamp":"2025-09-12 21:38:03"}
{"bundleId":"d8dd889629181d141a8fddd926dc0416fc2bf2fd680b5f0f691acd73c81af0c0","bundleVersion":"3.0","level":"info","message":"Retrieved SAS token","service":"movie-upload-service","timestamp":"2025-09-12 21:38:03"}
{"bundleId":"d8dd889629181d141a8fddd926dc0416fc2bf2fd680b5f0f691acd73c81af0c0","bundleVersion":"3.0","level":"info","message":"Bundle updated after upload","service":"movie-upload-service","timestamp":"2025-09-12 21:38:27"}
{"bundleId":"d8dd889629181d141a8fddd926dc0416fc2bf2fd680b5f0f691acd73c81af0c0","bundleVersion":"3.0","level":"info","message":"Bundle validation initiated","service":"movie-upload-service","timestamp":"2025-09-12 21:38:27"}
{"level":"info","message":"Initializing BlobServiceClient with connection string","service":"movie-upload-service","timestamp":"2025-09-12 21:39:31"}
{"container":"content","level":"info","message":"Successfully initialized BlobStorageService","service":"movie-upload-service","timestamp":"2025-09-12 21:39:32"}
{"level":"info","message":"Server is running on port 3005 in development mode","service":"movie-upload-service","timestamp":"2025-09-12 21:39:32"}
{"bundleId":"c1eff55394ebe0fc770e797cfb4aa2b9024809dbb4547533ee346ca4d31110d7","bundleName":"Superman","level":"info","message":"Bundle created successfully","service":"movie-upload-service","timestamp":"2025-09-12 21:39:35"}
{"bundleId":"c1eff55394ebe0fc770e797cfb4aa2b9024809dbb4547533ee346ca4d31110d7","bundleVersion":"2.0","level":"info","message":"Retrieved SAS token","service":"movie-upload-service","timestamp":"2025-09-12 21:39:35"}
{"bundleId":"c1eff55394ebe0fc770e797cfb4aa2b9024809dbb4547533ee346ca4d31110d7","bundleVersion":"2.0","level":"info","message":"Bundle updated after upload","service":"movie-upload-service","timestamp":"2025-09-12 21:39:48"}
{"bundleId":"c1eff55394ebe0fc770e797cfb4aa2b9024809dbb4547533ee346ca4d31110d7","bundleVersion":"2.0","level":"info","message":"Bundle validation initiated","service":"movie-upload-service","timestamp":"2025-09-12 21:39:49"}
{"level":"info","message":"Initializing BlobServiceClient with connection string","service":"movie-upload-service","timestamp":"2025-09-12 21:40:41"}
{"container":"content","level":"info","message":"Successfully initialized BlobStorageService","service":"movie-upload-service","timestamp":"2025-09-12 21:40:42"}
{"level":"info","message":"Server is running on port 3005 in development mode","service":"movie-upload-service","timestamp":"2025-09-12 21:40:43"}
{"bundleId":"c3ceef084b0db0d7e7b7c015354c7916089a72e88a733eeaa21cd236de55abfc","bundleName":"JurassicWorldRebirth","level":"info","message":"Bundle created successfully","service":"movie-upload-service","timestamp":"2025-09-12 21:40:46"}
{"bundleId":"c3ceef084b0db0d7e7b7c015354c7916089a72e88a733eeaa21cd236de55abfc","bundleVersion":"2.0","level":"info","message":"Retrieved SAS token","service":"movie-upload-service","timestamp":"2025-09-12 21:40:46"}
{"bundleId":"c3ceef084b0db0d7e7b7c015354c7916089a72e88a733eeaa21cd236de55abfc","bundleVersion":"2.0","level":"info","message":"Bundle updated after upload","service":"movie-upload-service","timestamp":"2025-09-12 21:40:55"}
{"bundleId":"c3ceef084b0db0d7e7b7c015354c7916089a72e88a733eeaa21cd236de55abfc","bundleVersion":"2.0","level":"info","message":"Bundle validation initiated","service":"movie-upload-service","timestamp":"2025-09-12 21:40:55"}
{"level":"info","message":"Initializing BlobServiceClient with connection string","service":"movie-upload-service","timestamp":"2025-09-12 21:41:07"}
{"container":"content","level":"info","message":"Successfully initialized BlobStorageService","service":"movie-upload-service","timestamp":"2025-09-12 21:41:08"}
{"level":"info","message":"Server is running on port 3005 in development mode","service":"movie-upload-service","timestamp":"2025-09-12 21:41:08"}
{"bundleId":"fe2fcad0aff70a22bc91630f9cfeccb6aaa90cb92bfb58d3f3aabad3b437ca10","bundleName":"FreakierFriday","level":"info","message":"Bundle created successfully","service":"movie-upload-service","timestamp":"2025-09-12 21:41:16"}
{"bundleId":"fe2fcad0aff70a22bc91630f9cfeccb6aaa90cb92bfb58d3f3aabad3b437ca10","bundleVersion":"2.0","level":"info","message":"Retrieved SAS token","service":"movie-upload-service","timestamp":"2025-09-12 21:41:17"}
{"bundleId":"fe2fcad0aff70a22bc91630f9cfeccb6aaa90cb92bfb58d3f3aabad3b437ca10","bundleVersion":"2.0","level":"info","message":"Bundle updated after upload","service":"movie-upload-service","timestamp":"2025-09-12 21:41:30"}
{"bundleId":"fe2fcad0aff70a22bc91630f9cfeccb6aaa90cb92bfb58d3f3aabad3b437ca10","bundleVersion":"2.0","level":"info","message":"Bundle validation initiated","service":"movie-upload-service","timestamp":"2025-09-12 21:41:30"}
{"level":"info","message":"Initializing BlobServiceClient with connection string","service":"movie-upload-service","timestamp":"2025-09-12 21:41:55"}
{"container":"content","level":"info","message":"Successfully initialized BlobStorageService","service":"movie-upload-service","timestamp":"2025-09-12 21:41:56"}
{"level":"info","message":"Server is running on port 3005 in development mode","service":"movie-upload-service","timestamp":"2025-09-12 21:41:56"}
{"bundleId":"35de93442f134d38a7ab2df080055af7260b12b862d4728ead8b27e002b75cc9","bundleName":"ANiceIndianBoy","level":"info","message":"Bundle created successfully","service":"movie-upload-service","timestamp":"2025-09-12 21:42:02"}
{"bundleId":"35de93442f134d38a7ab2df080055af7260b12b862d4728ead8b27e002b75cc9","bundleVersion":"3.0","level":"info","message":"Retrieved SAS token","service":"movie-upload-service","timestamp":"2025-09-12 21:42:03"}
{"bundleId":"35de93442f134d38a7ab2df080055af7260b12b862d4728ead8b27e002b75cc9","bundleVersion":"3.0","level":"info","message":"Bundle updated after upload","service":"movie-upload-service","timestamp":"2025-09-12 21:42:24"}
{"bundleId":"35de93442f134d38a7ab2df080055af7260b12b862d4728ead8b27e002b75cc9","bundleVersion":"3.0","level":"info","message":"Bundle validation initiated","service":"movie-upload-service","timestamp":"2025-09-12 21:42:25"}
{"level":"info","message":"Initializing BlobServiceClient with connection string","service":"movie-upload-service","timestamp":"2025-09-12 21:42:34"}
{"container":"content","level":"info","message":"Successfully initialized BlobStorageService","service":"movie-upload-service","timestamp":"2025-09-12 21:42:35"}
{"level":"info","message":"Server is running on port 3005 in development mode","service":"movie-upload-service","timestamp":"2025-09-12 21:42:35"}
{"level":"info","message":"Initializing BlobServiceClient with connection string","service":"movie-upload-service","timestamp":"2025-09-12 21:42:47"}
{"container":"content","level":"info","message":"Successfully initialized BlobStorageService","service":"movie-upload-service","timestamp":"2025-09-12 21:42:48"}
{"level":"info","message":"Server is running on port 3005 in development mode","service":"movie-upload-service","timestamp":"2025-09-12 21:42:48"}
{"bundleId":"3875f49329ebd4f98ba8724aa5efb1e9af6f398280c5fa7b05cae44b56f68e31","bundleName":"ALineofFire","level":"info","message":"Bundle created successfully","service":"movie-upload-service","timestamp":"2025-09-12 21:42:50"}
{"bundleId":"3875f49329ebd4f98ba8724aa5efb1e9af6f398280c5fa7b05cae44b56f68e31","bundleVersion":"4.0","level":"info","message":"Retrieved SAS token","service":"movie-upload-service","timestamp":"2025-09-12 21:42:51"}
{"bundleId":"3875f49329ebd4f98ba8724aa5efb1e9af6f398280c5fa7b05cae44b56f68e31","bundleVersion":"4.0","level":"info","message":"Bundle updated after upload","service":"movie-upload-service","timestamp":"2025-09-12 21:43:02"}
{"bundleId":"3875f49329ebd4f98ba8724aa5efb1e9af6f398280c5fa7b05cae44b56f68e31","bundleVersion":"4.0","level":"info","message":"Bundle validation initiated","service":"movie-upload-service","timestamp":"2025-09-12 21:43:02"}
{"level":"info","message":"Initializing BlobServiceClient with connection string","service":"movie-upload-service","timestamp":"2025-09-29 17:08:36"}
{"container":"content","level":"info","message":"Successfully initialized BlobStorageService","service":"movie-upload-service","timestamp":"2025-09-29 17:08:37"}
{"level":"info","message":"Server is running on port 3005 in development mode","service":"movie-upload-service","timestamp":"2025-09-29 17:08:37"}
{"bundleId":"8a168cb0c2b63bede7081de6902b0f0a087635c6a9b7ecf8dfb3cded589ab550","bundleName":"HowToTrainYourDragon2025","level":"info","message":"Bundle created successfully","service":"movie-upload-service","timestamp":"2025-09-29 17:14:51"}
{"bundleId":"8a168cb0c2b63bede7081de6902b0f0a087635c6a9b7ecf8dfb3cded589ab550","bundleVersion":"1.0","level":"info","message":"Retrieved SAS token","service":"movie-upload-service","timestamp":"2025-09-29 17:14:52"}
{"bundleId":"8a168cb0c2b63bede7081de6902b0f0a087635c6a9b7ecf8dfb3cded589ab550","bundleVersion":"1.0","level":"info","message":"Bundle updated after upload","service":"movie-upload-service","timestamp":"2025-09-29 17:15:01"}
{"bundleId":"8a168cb0c2b63bede7081de6902b0f0a087635c6a9b7ecf8dfb3cded589ab550","bundleVersion":"1.0","level":"info","message":"Bundle validation initiated","service":"movie-upload-service","timestamp":"2025-09-29 17:15:02"}
{"bundleId":"eb8e8146d1eb33d0af3fe5627d35e5c8e0604f18a3bc9548e3a4775058fc2d51","bundleName":"TheUnholyTrinity","level":"info","message":"Bundle created successfully","service":"movie-upload-service","timestamp":"2025-09-29 17:16:32"}
{"bundleId":"eb8e8146d1eb33d0af3fe5627d35e5c8e0604f18a3bc9548e3a4775058fc2d51","bundleVersion":"1.0","level":"info","message":"Retrieved SAS token","service":"movie-upload-service","timestamp":"2025-09-29 17:16:32"}
{"bundleId":"eb8e8146d1eb33d0af3fe5627d35e5c8e0604f18a3bc9548e3a4775058fc2d51","bundleVersion":"1.0","level":"info","message":"Bundle updated after upload","service":"movie-upload-service","timestamp":"2025-09-29 17:16:37"}
{"bundleId":"eb8e8146d1eb33d0af3fe5627d35e5c8e0604f18a3bc9548e3a4775058fc2d51","bundleVersion":"1.0","level":"info","message":"Bundle validation initiated","service":"movie-upload-service","timestamp":"2025-09-29 17:16:37"}
