{"error":"The specified container does not exist.\nRequestId:2cf83c30-b01e-0062-6998-1a4bbb000000\nTime:2025-08-31T17:01:18.3407302Z","level":"error","message":"Error uploading bundle","service":"movie-upload-service","stack":"RestError: The specified container does not exist.\nRequestId:2cf83c30-b01e-0062-6998-1a4bbb000000\nTime:2025-08-31T17:01:18.3407302Z\n    at handleErrorResponse (/home/talha/code/airline-dashboards/node_modules/@azure/core-client/dist/commonjs/deserializationPolicy.js:148:19)\n    at deserializeResponseBody (/home/talha/code/airline-dashboards/node_modules/@azure/core-client/dist/commonjs/deserializationPolicy.js:83:45)\n    at process.processTicksAndRejections (node:internal/process/task_queues:95:5)\n    at async StorageContextClient.sendOperationRequest (/home/talha/code/airline-dashboards/node_modules/@azure/core-client/dist/commonjs/serviceClient.js:109:33)\n    at async StorageContextClient.sendOperationRequest (/home/talha/code/airline-dashboards/node_modules/@azure/core-http-compat/dist/commonjs/extendedClient.js:45:24)\n    at async /home/talha/code/airline-dashboards/node_modules/@azure/storage-blob/dist/index.js:20842:35\n    at async Object.withSpan (/home/talha/code/airline-dashboards/node_modules/@azure/core-tracing/dist/commonjs/tracingClient.js:36:28)\n    at async /home/talha/code/airline-dashboards/node_modules/@azure/storage-blob/dist/index.js:21128:39\n    at async Object.withSpan (/home/talha/code/airline-dashboards/node_modules/@azure/core-tracing/dist/commonjs/tracingClient.js:36:28)\n    at async Object.withSpan (/home/talha/code/airline-dashboards/node_modules/@azure/core-tracing/dist/commonjs/tracingClient.js:36:28)","timestamp":"2025-08-31 22:01:18"}
{"error":"ENOENT: no such file or directory, stat '/Users/macbookpro/code/airline-dashboards/path/to/movie-bundle'","level":"error","message":"Error uploading bundle","service":"movie-upload-service","stack":"Error: ENOENT: no such file or directory, stat '/Users/macbookpro/code/airline-dashboards/path/to/movie-bundle'\n    at async Object.stat (node:internal/fs/promises:1040:18)\n    at async uploadBundle (/Users/macbookpro/code/airline-dashboards/src/controllers/uploadController.js:30:21)","timestamp":"2025-09-01 16:11:28"}
{"bundleName":"ALineofFireooo","error":"ENOENT: no such file or directory, open '/Users/macbookpro/code/airline-dashboards/ThalesFlytEdge_Data/ALineofFireooo/feed/ALineofFireooo-movie.json'","level":"error","message":"Error reading bundle metadata","service":"movie-upload-service","timestamp":"2025-09-02 18:50:53"}
{"error":"ENOENT: no such file or directory, open '/Users/macbookpro/code/airline-dashboards/ThalesFlytEdge_Data/ALineofFireooo/feed/ALineofFireooo-movie.json'","level":"error","message":"Error creating bundle from local data","service":"movie-upload-service","timestamp":"2025-09-02 18:50:53"}
{"error":"Cannot read properties of undefined (reading 'saveBundleInfo')","level":"error","message":"Error creating bundle from local data","service":"movie-upload-service","timestamp":"2025-09-02 18:51:19"}
{"error":"Request failed with status code 409","level":"error","message":"Error creating bundle","response":"Bundle already exists","service":"movie-upload-service","timestamp":"2025-09-02 18:52:27"}
{"error":"Request failed with status code 409","level":"error","message":"Error creating bundle from local data","service":"movie-upload-service","timestamp":"2025-09-02 18:52:27"}
{"error":"Cannot read properties of undefined (reading 'saveBundleInfo')","level":"error","message":"Error creating bundle","service":"movie-upload-service","timestamp":"2025-09-02 18:52:43"}
{"error":"Cannot read properties of undefined (reading 'saveBundleInfo')","level":"error","message":"Error creating bundle from local data","service":"movie-upload-service","timestamp":"2025-09-02 18:54:50"}
{"error":"Request failed with status code 409","level":"error","message":"Error creating bundle","response":"Bundle already exists","service":"movie-upload-service","timestamp":"2025-09-02 18:56:59"}
{"error":"Request failed with status code 409","level":"error","message":"Error creating bundle from local data","service":"movie-upload-service","timestamp":"2025-09-02 18:56:59"}
{"error":"Request failed with status code 409","level":"error","message":"Error creating bundle","response":"Bundle already exists","service":"movie-upload-service","timestamp":"2025-09-02 18:59:00"}
{"error":"Request failed with status code 409","level":"error","message":"Error creating bundle from local data","service":"movie-upload-service","timestamp":"2025-09-02 18:59:00"}
{"error":"Request failed with status code 409","level":"error","message":"Error creating bundle","response":"Bundle already exists","service":"movie-upload-service","timestamp":"2025-09-02 19:00:36"}
{"error":"Request failed with status code 409","level":"error","message":"Error creating bundle from local data","service":"movie-upload-service","timestamp":"2025-09-02 19:00:36"}
{"bundleName":"ALineofFirew","error":"ENOENT: no such file or directory, open '/Users/macbookpro/code/airline-dashboards/ThalesFlytEdge_Data/ALineofFirew/feed/ALineofFirew-movie.json'","level":"error","message":"Error reading bundle metadata","service":"movie-upload-service","timestamp":"2025-09-02 19:01:15"}
{"error":"ENOENT: no such file or directory, open '/Users/macbookpro/code/airline-dashboards/ThalesFlytEdge_Data/ALineofFirew/feed/ALineofFirew-movie.json'","level":"error","message":"Error creating bundle from local data","service":"movie-upload-service","timestamp":"2025-09-02 19:01:15"}
{"bundleName":"ALineofFireTest","error":"ENOENT: no such file or directory, open '/Users/macbookpro/code/airline-dashboards/ThalesFlytEdge_Data/ALineofFireTest/feed/ALineofFireTest-movie.json'","level":"error","message":"Error reading bundle metadata","service":"movie-upload-service","timestamp":"2025-09-02 19:02:35"}
{"error":"ENOENT: no such file or directory, open '/Users/macbookpro/code/airline-dashboards/ThalesFlytEdge_Data/ALineofFireTest/feed/ALineofFireTest-movie.json'","level":"error","message":"Error creating bundle from local data","service":"movie-upload-service","timestamp":"2025-09-02 19:02:35"}
{"bundleName":"ALineofFireTest","error":"ENOENT: no such file or directory, open '/Users/macbookpro/code/airline-dashboards/ThalesFlytEdge_Data/ALineofFireTest/feed/ALineofFireTest-movie.json'","level":"error","message":"Error reading bundle metadata","service":"movie-upload-service","timestamp":"2025-09-02 19:04:44"}
{"error":"ENOENT: no such file or directory, open '/Users/macbookpro/code/airline-dashboards/ThalesFlytEdge_Data/ALineofFireTest/feed/ALineofFireTest-movie.json'","level":"error","message":"Error creating bundle from local data","service":"movie-upload-service","timestamp":"2025-09-02 19:04:44"}
{"bundleName":"ALineofFireTest","error":"ENOENT: no such file or directory, open '/Users/macbookpro/code/airline-dashboards/ThalesFlytEdge_Data/ALineofFireTest/feed/ALineofFireTest-movie.json'","level":"error","message":"Error reading bundle metadata","service":"movie-upload-service","timestamp":"2025-09-02 19:04:46"}
{"error":"ENOENT: no such file or directory, open '/Users/macbookpro/code/airline-dashboards/ThalesFlytEdge_Data/ALineofFireTest/feed/ALineofFireTest-movie.json'","level":"error","message":"Error creating bundle from local data","service":"movie-upload-service","timestamp":"2025-09-02 19:04:46"}
{"bundleName":"ALineofFireTest","error":"ENOENT: no such file or directory, open '/Users/macbookpro/code/airline-dashboards/ThalesFlytEdge_Data/ALineofFireTest/feed/ALineofFireTest-movie.json'","level":"error","message":"Error reading bundle metadata","service":"movie-upload-service","timestamp":"2025-09-02 19:05:19"}
{"error":"ENOENT: no such file or directory, open '/Users/macbookpro/code/airline-dashboards/ThalesFlytEdge_Data/ALineofFireTest/feed/ALineofFireTest-movie.json'","level":"error","message":"Error creating bundle from local data","service":"movie-upload-service","timestamp":"2025-09-02 19:05:19"}
{"bundleName":"ALineofFireTest","error":"ENOENT: no such file or directory, open '/Users/macbookpro/code/airline-dashboards/ThalesFlytEdge_Data/ALineofFireTest/feed/ALineofFireTest-movie.json'","level":"error","message":"Error reading bundle metadata","service":"movie-upload-service","timestamp":"2025-09-02 19:06:09"}
{"error":"ENOENT: no such file or directory, open '/Users/macbookpro/code/airline-dashboards/ThalesFlytEdge_Data/ALineofFireTest/feed/ALineofFireTest-movie.json'","level":"error","message":"Error creating bundle from local data","service":"movie-upload-service","timestamp":"2025-09-02 19:06:09"}
{"bundleName":"ALineofFireTest","error":"ENOENT: no such file or directory, open '/Users/macbookpro/code/airline-dashboards/ThalesFlytEdge_Data/ALineofFireTest/feed/ALineofFireTest-movie.json'","level":"error","message":"Error reading bundle metadata","service":"movie-upload-service","timestamp":"2025-09-02 19:07:10"}
{"error":"ENOENT: no such file or directory, open '/Users/macbookpro/code/airline-dashboards/ThalesFlytEdge_Data/ALineofFireTest/feed/ALineofFireTest-movie.json'","level":"error","message":"Error creating bundle from local data","service":"movie-upload-service","timestamp":"2025-09-02 19:07:10"}
{"bundleName":"ALineofFireTest","error":"ENOENT: no such file or directory, open '/Users/macbookpro/code/airline-dashboards/ThalesFlytEdge_Data/ALineofFireTest/feed/ALineofFireTest-movie.json'","level":"error","message":"Error reading bundle metadata","service":"movie-upload-service","timestamp":"2025-09-02 19:07:11"}
{"error":"ENOENT: no such file or directory, open '/Users/macbookpro/code/airline-dashboards/ThalesFlytEdge_Data/ALineofFireTest/feed/ALineofFireTest-movie.json'","level":"error","message":"Error creating bundle from local data","service":"movie-upload-service","timestamp":"2025-09-02 19:07:11"}
{"bundleName":"ALineofFireTest","error":"ENOENT: no such file or directory, open '/Users/macbookpro/code/airline-dashboards/ThalesFlytEdge_Data/ALineofFireTest/feed/ALineofFireTest-movie.json'","level":"error","message":"Error reading bundle metadata","service":"movie-upload-service","timestamp":"2025-09-02 19:07:12"}
{"error":"ENOENT: no such file or directory, open '/Users/macbookpro/code/airline-dashboards/ThalesFlytEdge_Data/ALineofFireTest/feed/ALineofFireTest-movie.json'","level":"error","message":"Error creating bundle from local data","service":"movie-upload-service","timestamp":"2025-09-02 19:07:12"}
{"bundleName":"ALineofFireTest","error":"ENOENT: no such file or directory, open '/Users/macbookpro/code/airline-dashboards/ThalesFlytEdge_Data/ALineofFireTest/feed/ALineofFireTest-movie.json'","level":"error","message":"Error reading bundle metadata","service":"movie-upload-service","timestamp":"2025-09-02 19:07:32"}
{"error":"ENOENT: no such file or directory, open '/Users/macbookpro/code/airline-dashboards/ThalesFlytEdge_Data/ALineofFireTest/feed/ALineofFireTest-movie.json'","level":"error","message":"Error creating bundle from local data","service":"movie-upload-service","timestamp":"2025-09-02 19:07:32"}
{"bundleName":"ALineofFireTest","error":"ENOENT: no such file or directory, open '/Users/macbookpro/code/airline-dashboards/ThalesFlytEdge_Data/ALineofFireTest/feed/ALineofFireTest-movie.json'","level":"error","message":"Error reading bundle metadata","service":"movie-upload-service","timestamp":"2025-09-02 19:07:33"}
{"error":"ENOENT: no such file or directory, open '/Users/macbookpro/code/airline-dashboards/ThalesFlytEdge_Data/ALineofFireTest/feed/ALineofFireTest-movie.json'","level":"error","message":"Error creating bundle from local data","service":"movie-upload-service","timestamp":"2025-09-02 19:07:33"}
{"bundleName":"ALineofFireTest","error":"ENOENT: no such file or directory, open '/Users/macbookpro/code/airline-dashboards/ThalesFlytEdge_Data/ALineofFireTest/feed/ALineofFireTest-movie.json'","level":"error","message":"Error reading bundle metadata","service":"movie-upload-service","timestamp":"2025-09-02 19:07:34"}
{"error":"ENOENT: no such file or directory, open '/Users/macbookpro/code/airline-dashboards/ThalesFlytEdge_Data/ALineofFireTest/feed/ALineofFireTest-movie.json'","level":"error","message":"Error creating bundle from local data","service":"movie-upload-service","timestamp":"2025-09-02 19:07:34"}
{"error":"Request failed with status code 409","level":"error","message":"Error creating bundle","response":"Bundle already exists","service":"movie-upload-service","timestamp":"2025-09-02 19:07:49"}
{"error":"Request failed with status code 409","level":"error","message":"Error creating bundle from local data","service":"movie-upload-service","timestamp":"2025-09-02 19:07:49"}
{"bundleName":"ALineofFireloTest","error":"ENOENT: no such file or directory, open '/Users/macbookpro/code/airline-dashboards/ThalesFlytEdge_Data/ALineofFireloTest/feed/ALineofFireloTest-movie.json'","level":"error","message":"Error reading bundle metadata","service":"movie-upload-service","timestamp":"2025-09-02 19:11:40"}
{"error":"ENOENT: no such file or directory, open '/Users/macbookpro/code/airline-dashboards/ThalesFlytEdge_Data/ALineofFireloTest/feed/ALineofFireloTest-movie.json'","level":"error","message":"Error creating bundle from local data","service":"movie-upload-service","timestamp":"2025-09-02 19:11:40"}
{"bundleId":":bundleId","bundleVersion":":bundleVersion","error":"Request failed with status code 400","level":"error","message":"Error retrieving SAS token","service":"movie-upload-service","timestamp":"2025-09-02 19:23:01"}
{"bundleId":":bundleId","bundleVersion":":bundleVersion","error":"Request failed with status code 400","level":"error","message":"Error getting bundle SAS","service":"movie-upload-service","timestamp":"2025-09-02 19:23:01"}
{"bundleName":"ALineofFire-001","error":"ENOENT: no such file or directory, open '/home/talha/code/airline-dashboards/ThalesFlytEdge_Data/ALineofFire-001/feed/ALineofFire-001-movie.json'","level":"error","message":"Error reading bundle metadata","service":"movie-upload-service","timestamp":"2025-09-02 19:53:01"}
{"error":"ENOENT: no such file or directory, open '/home/talha/code/airline-dashboards/ThalesFlytEdge_Data/ALineofFire-001/feed/ALineofFire-001-movie.json'","level":"error","message":"Error creating bundle from local data","service":"movie-upload-service","timestamp":"2025-09-02 19:53:01"}
{"bundleId":"116a3a0dfd10e87a18c9470542e1618a79c07a9a018148b6ff70f69c8e668d89","bundleVersion":"2.0","error":"Request failed with status code 405","level":"error","message":"Error validating bundle","service":"movie-upload-service","timestamp":"2025-09-02 20:02:41"}
{"bundleId":"116a3a0dfd10e87a18c9470542e1618a79c07a9a018148b6ff70f69c8e668d89","bundleVersion":"2.0","error":"Request failed with status code 405","level":"error","message":"Error validating bundle","service":"movie-upload-service","timestamp":"2025-09-02 20:02:41"}
{"bundleId":"116a3a0dfd10e87a18c9470542e1618a79c07a9a018148b6ff70f69c8e668d89","bundleVersion":"2.0","error":"Request failed with status code 405","level":"error","message":"Error validating bundle","service":"movie-upload-service","timestamp":"2025-09-02 20:02:58"}
{"bundleId":"116a3a0dfd10e87a18c9470542e1618a79c07a9a018148b6ff70f69c8e668d89","bundleVersion":"2.0","error":"Request failed with status code 405","level":"error","message":"Error validating bundle","service":"movie-upload-service","timestamp":"2025-09-02 20:02:58"}
{"bundleId":"116a3a0dfd10e87a18c9470542e1618a79c07a9a018148b6ff70f69c8e668d89","bundleVersion":"2.0","error":"Request failed with status code 405","level":"error","message":"Error validating bundle","service":"movie-upload-service","timestamp":"2025-09-02 20:14:24"}
{"bundleId":"116a3a0dfd10e87a18c9470542e1618a79c07a9a018148b6ff70f69c8e668d89","bundleVersion":"2.0","error":"Request failed with status code 405","level":"error","message":"Error validating bundle","service":"movie-upload-service","timestamp":"2025-09-02 20:14:24"}
{"bundleId":"116a3a0dfd10e87a18c9470542e1618a79c07a9a018148b6ff70f69c8e668d89","bundleVersion":"2.0","error":"Request failed with status code 405","level":"error","message":"Error validating bundle","service":"movie-upload-service","timestamp":"2025-09-02 20:15:40"}
{"bundleId":"116a3a0dfd10e87a18c9470542e1618a79c07a9a018148b6ff70f69c8e668d89","bundleVersion":"2.0","error":"Request failed with status code 405","level":"error","message":"Error validating bundle","service":"movie-upload-service","timestamp":"2025-09-02 20:15:40"}
{"bundleId":"116a3a0dfd10e87a18c9470542e1618a79c07a9a018148b6ff70f69c8e668d89","bundleVersion":"2.0","error":"Request failed with status code 405","level":"error","message":"Error validating bundle","service":"movie-upload-service","timestamp":"2025-09-02 20:17:08"}
{"bundleId":"116a3a0dfd10e87a18c9470542e1618a79c07a9a018148b6ff70f69c8e668d89","bundleVersion":"2.0","error":"Request failed with status code 405","level":"error","message":"Error validating bundle","service":"movie-upload-service","timestamp":"2025-09-02 20:17:08"}
{"bundleId":"116a3a0dfd10e87a18c9470542e1618a79c07a9a018148b6ff70f69c8e668d89","bundleVersion":"2.0","error":"Request failed with status code 405","level":"error","message":"Error validating bundle","service":"movie-upload-service","timestamp":"2025-09-02 20:22:19"}
{"bundleId":"116a3a0dfd10e87a18c9470542e1618a79c07a9a018148b6ff70f69c8e668d89","bundleVersion":"2.0","error":"Request failed with status code 405","level":"error","message":"Error validating bundle","service":"movie-upload-service","timestamp":"2025-09-02 20:22:19"}
{"bundleId":"116a3a0dfd10e87a18c9470542e1618a79c07a9a018148b6ff70f69c8e668d89","bundleVersion":"2.0","error":"Request failed with status code 405","level":"error","message":"Error validating bundle","service":"movie-upload-service","timestamp":"2025-09-02 20:28:34"}
{"bundleId":"116a3a0dfd10e87a18c9470542e1618a79c07a9a018148b6ff70f69c8e668d89","bundleVersion":"2.0","error":"Request failed with status code 405","level":"error","message":"Error validating bundle","service":"movie-upload-service","timestamp":"2025-09-02 20:28:34"}
{"bundleId":"116a3a0dfd10e87a18c9470542e1618a79c07a9a018148b6ff70f69c8e668d89","bundleVersion":"2.0","error":"Request failed with status code 405","level":"error","message":"Error validating bundle","service":"movie-upload-service","timestamp":"2025-09-02 20:29:26"}
{"bundleId":"116a3a0dfd10e87a18c9470542e1618a79c07a9a018148b6ff70f69c8e668d89","bundleVersion":"2.0","error":"Request failed with status code 405","level":"error","message":"Error validating bundle","service":"movie-upload-service","timestamp":"2025-09-02 20:29:26"}
{"bundleId":"116a3a0dfd10e87a18c9470542e1618a79c07a9a018148b6ff70f69c8e668d89","bundleVersion":"2.0","error":"Request failed with status code 405","level":"error","message":"Error validating bundle","service":"movie-upload-service","timestamp":"2025-09-02 20:32:17"}
{"bundleId":"116a3a0dfd10e87a18c9470542e1618a79c07a9a018148b6ff70f69c8e668d89","bundleVersion":"2.0","error":"Request failed with status code 405","level":"error","message":"Error validating bundle","service":"movie-upload-service","timestamp":"2025-09-02 20:32:17"}
{"bundleId":"116a3a0dfd10e87a18c9470542e1618a79c07a9a018148b6ff70f69c8e668d89","bundleVersion":"2.0","error":"Request failed with status code 405","level":"error","message":"Error validating bundle","service":"movie-upload-service","timestamp":"2025-09-02 20:39:16"}
{"bundleId":"116a3a0dfd10e87a18c9470542e1618a79c07a9a018148b6ff70f69c8e668d89","bundleVersion":"2.0","error":"Request failed with status code 405","level":"error","message":"Error validating bundle","service":"movie-upload-service","timestamp":"2025-09-02 20:39:16"}
{"error":"Request failed with status code 409","level":"error","message":"Error creating bundle","response":"Bundle already exists","service":"movie-upload-service","timestamp":"2025-09-02 20:54:10"}
{"error":"Request failed with status code 409","level":"error","message":"Error creating bundle from local data","service":"movie-upload-service","timestamp":"2025-09-02 20:54:10"}
{"bundleName":"MyAutomatedBundle","error":"ENOENT: no such file or directory, open '/home/talha/code/airline-dashboards/ThalesFlytEdge_Data/MyAutomatedBundle/feed/MyAutomatedBundle-movie.json'","level":"error","message":"Error reading bundle metadata","service":"movie-upload-service","timestamp":"2025-09-02 20:58:32"}
{"error":"ENOENT: no such file or directory, open '/home/talha/code/airline-dashboards/ThalesFlytEdge_Data/MyAutomatedBundle/feed/MyAutomatedBundle-movie.json'","level":"error","message":"Error creating bundle from local data","service":"movie-upload-service","timestamp":"2025-09-02 20:58:32"}
{"bundleId":"undefined","bundleVersion":"1.0.0","error":"Request failed with status code 404","level":"error","message":"Error retrieving SAS token","service":"movie-upload-service","timestamp":"2025-09-02 21:01:54"}
{"bundleId":"undefined","bundleVersion":"1.0.0","error":"Request failed with status code 404","level":"error","message":"Error getting bundle SAS","service":"movie-upload-service","timestamp":"2025-09-02 21:01:54"}
{"error":"Request failed with status code 409","level":"error","message":"Error creating bundle","response":"Bundle already exists","service":"movie-upload-service","timestamp":"2025-09-02 21:08:26"}
{"error":"Request failed with status code 409","level":"error","message":"Error creating bundle from local data","service":"movie-upload-service","timestamp":"2025-09-02 21:08:26"}
{"error":"Request failed with status code 409","level":"error","message":"Error creating bundle","response":"Bundle already exists","service":"movie-upload-service","timestamp":"2025-09-02 21:09:28"}
{"error":"Request failed with status code 409","level":"error","message":"Error creating bundle from local data","service":"movie-upload-service","timestamp":"2025-09-02 21:09:28"}
{"error":"Request failed with status code 409","level":"error","message":"Error creating bundle","response":"Bundle already exists","service":"movie-upload-service","timestamp":"2025-09-02 21:12:54"}
{"error":"Request failed with status code 409","level":"error","message":"Error creating bundle from local data","service":"movie-upload-service","timestamp":"2025-09-02 21:12:54"}
{"error":"Request failed with status code 409","level":"error","message":"Error creating bundle","response":"Bundle already exists","service":"movie-upload-service","timestamp":"2025-09-02 21:13:55"}
{"error":"Request failed with status code 409","level":"error","message":"Error creating bundle from local data","service":"movie-upload-service","timestamp":"2025-09-02 21:13:55"}
{"error":"Request failed with status code 409","level":"error","message":"Error creating bundle","response":"Bundle already exists","service":"movie-upload-service","timestamp":"2025-09-02 21:13:56"}
{"error":"Request failed with status code 409","level":"error","message":"Error creating bundle from local data","service":"movie-upload-service","timestamp":"2025-09-02 21:13:56"}
{"error":"Request failed with status code 409","level":"error","message":"Error creating bundle","response":"Bundle already exists","service":"movie-upload-service","timestamp":"2025-09-02 21:13:57"}
{"error":"Request failed with status code 409","level":"error","message":"Error creating bundle from local data","service":"movie-upload-service","timestamp":"2025-09-02 21:13:57"}
{"error":"Request failed with status code 409","level":"error","message":"Error creating bundle","response":"Bundle already exists","service":"movie-upload-service","timestamp":"2025-09-02 21:22:21"}
{"error":"Request failed with status code 409","level":"error","message":"Error creating bundle from local data","service":"movie-upload-service","timestamp":"2025-09-02 21:22:21"}
{"error":"Request failed with status code 409","level":"error","message":"Error creating bundle","response":"Bundle already exists","service":"movie-upload-service","timestamp":"2025-09-02 21:22:22"}
{"error":"Request failed with status code 409","level":"error","message":"Error creating bundle from local data","service":"movie-upload-service","timestamp":"2025-09-02 21:22:22"}
{"error":"Request failed with status code 409","level":"error","message":"Error creating bundle","response":"Bundle already exists","service":"movie-upload-service","timestamp":"2025-09-02 21:22:23"}
{"error":"Request failed with status code 409","level":"error","message":"Error creating bundle from local data","service":"movie-upload-service","timestamp":"2025-09-02 21:22:23"}
<<<<<<< HEAD
{"error":"Request failed with status code 409","level":"error","message":"Error creating bundle","response":"Bundle already exists","service":"movie-upload-service","timestamp":"2025-09-02 23:57:12"}
{"error":"Request failed with status code 409","level":"error","message":"Error creating bundle from local data","service":"movie-upload-service","timestamp":"2025-09-02 23:57:12"}
{"error":"Request failed with status code 409","level":"error","message":"Error creating bundle","response":"Bundle already exists","service":"movie-upload-service","timestamp":"2025-09-02 23:57:13"}
{"error":"Request failed with status code 409","level":"error","message":"Error creating bundle from local data","service":"movie-upload-service","timestamp":"2025-09-02 23:57:13"}
{"error":"Request failed with status code 409","level":"error","message":"Error creating bundle","response":"Bundle already exists","service":"movie-upload-service","timestamp":"2025-09-02 23:57:15"}
{"error":"Request failed with status code 409","level":"error","message":"Error creating bundle from local data","service":"movie-upload-service","timestamp":"2025-09-02 23:57:15"}
=======
{"error":"Request failed with status code 409","level":"error","message":"Error creating bundle","response":"Bundle already exists","service":"movie-upload-service","timestamp":"2025-09-03 16:40:50"}
{"error":"Request failed with status code 409","level":"error","message":"Error creating bundle from local data","service":"movie-upload-service","timestamp":"2025-09-03 16:40:50"}
{"error":"Request failed with status code 409","level":"error","message":"Error creating bundle","response":"Bundle already exists","service":"movie-upload-service","timestamp":"2025-09-03 16:40:50"}
{"error":"Request failed with status code 409","level":"error","message":"Error creating bundle from local data","service":"movie-upload-service","timestamp":"2025-09-03 16:40:50"}
{"error":"Request failed with status code 409","level":"error","message":"Error creating bundle","response":"Bundle already exists","service":"movie-upload-service","timestamp":"2025-09-03 16:40:50"}
{"error":"Request failed with status code 409","level":"error","message":"Error creating bundle from local data","service":"movie-upload-service","timestamp":"2025-09-03 16:40:50"}
{"error":"Request failed with status code 409","level":"error","message":"Error creating bundle","response":"Bundle already exists","service":"movie-upload-service","timestamp":"2025-09-03 16:53:43"}
{"error":"Request failed with status code 409","level":"error","message":"Error creating bundle from local data","service":"movie-upload-service","timestamp":"2025-09-03 16:53:43"}
{"error":"Request failed with status code 409","level":"error","message":"Error creating bundle","response":"Bundle already exists","service":"movie-upload-service","timestamp":"2025-09-03 16:53:43"}
{"error":"Request failed with status code 409","level":"error","message":"Error creating bundle from local data","service":"movie-upload-service","timestamp":"2025-09-03 16:53:43"}
{"error":"Request failed with status code 409","level":"error","message":"Error creating bundle","response":"Bundle already exists","service":"movie-upload-service","timestamp":"2025-09-03 16:53:43"}
{"error":"Request failed with status code 409","level":"error","message":"Error creating bundle from local data","service":"movie-upload-service","timestamp":"2025-09-03 16:53:43"}
>>>>>>> 277cfa87a183236160a244a8838018a3efe21796
{"error":"Request failed with status code 409","level":"error","message":"Error creating bundle","response":"Bundle already exists","service":"movie-upload-service","timestamp":"2025-09-11 20:04:58"}
{"error":"Request failed with status code 409","level":"error","message":"Error creating bundle from local data","service":"movie-upload-service","timestamp":"2025-09-11 20:04:58"}
{"error":"Request failed with status code 409","level":"error","message":"Error creating bundle","response":"Bundle already exists","service":"movie-upload-service","timestamp":"2025-09-11 20:04:58"}
{"error":"Request failed with status code 409","level":"error","message":"Error creating bundle from local data","service":"movie-upload-service","timestamp":"2025-09-11 20:04:58"}
{"error":"Request failed with status code 409","level":"error","message":"Error creating bundle","response":"Bundle already exists","service":"movie-upload-service","timestamp":"2025-09-11 20:04:58"}
{"error":"Request failed with status code 409","level":"error","message":"Error creating bundle from local data","service":"movie-upload-service","timestamp":"2025-09-11 20:04:58"}
